{"meta": {"format": 3, "version": "7.15.4", "timestamp": "2026-08-21T22:02:21.592037", "branch_coverage": true, "show_contexts": false}, "files": {"src\\ebook_pipeline\\__init__.py": {"executed_lines": [1], "summary": {"covered_lines": 1, "num_statements": 1, "percent_covered": 100.0, "percent_covered_display": "100", "missing_lines": 0, "excluded_lines": 0, "percent_statements_covered": 100.0, "percent_statements_covered_display": "100", "num_branches": 0, "num_partial_branches": 0, "covered_branches": 0, "missing_branches": 0, "percent_branches_covered": 100.0, "percent_branches_covered_display": "100"}, "missing_lines": [], "excluded_lines": [], "executed_branches": [], "missing_branches": [], "functions": {"": {"executed_lines": [1], "summary": {"covered_lines": 1, "num_statements": 1, "percent_covered": 100.0, "percent_covered_display": "100", "missing_lines": 0, "excluded_lines": 0, "percent_statements_covered": 100.0, "percent_statements_covered_display": "100", "num_branches": 0, "num_partial_branches": 0, "covered_branches": 0, "missing_branches": 0, "percent_branches_covered": 100.0, "percent_branches_covered_display": "100"}, "missing_lines": [], "excluded_lines": [], "start_line": 1, "executed_branches": [], "missing_branches": []}}, "classes": {"": {"executed_lines": [1], "summary": {"covered_lines": 1, "num_statements": 1, "percent_covered": 100.0, "percent_covered_display": "100", "missing_lines": 0, "excluded_lines": 0, "percent_statements_covered": 100.0, "percent_statements_covered_display": "100", "num_branches": 0, "num_partial_branches": 0, "covered_branches": 0, "missing_branches": 0, "percent_branches_covered": 100.0, "percent_branches_covered_display": "100"}, "missing_lines": [], "excluded_lines": [], "start_line": 1, "executed_branches": [], "missing_branches": []}}}, "src\\ebook_pipeline\\__main__.py": {"executed_lines": [], "summary": {"covered_lines": 0, "num_statements": 3, "percent_covered": 0.0, "percent_covered_display": "0", "missing_lines": 3, "excluded_lines": 0, "percent_statements_covered": 0.0, "percent_statements_covered_display": "0", "num_branches": 2, "num_partial_branches": 0, "covered_branches": 0, "missing_branches": 2, "percent_branches_covered": 0.0, "percent_branches_covered_display": "0"}, "missing_lines": [1, 3, 4], "excluded_lines": [], "executed_branches": [], "missing_branches": [[3, -1], [3, 4]], "functions": {"": {"executed_lines": [], "summary": {"covered_lines": 0, "num_statements": 3, "percent_covered": 0.0, "percent_covered_display": "0", "missing_lines": 3, "excluded_lines": 0, "percent_statements_covered": 0.0, "percent_statements_covered_display": "0", "num_branches": 2, "num_partial_branches": 0, "covered_branches": 0, "missing_branches": 2, "percent_branches_covered": 0.0, "percent_branches_covered_display": "0"}, "missing_lines": [1, 3, 4], "excluded_lines": [], "start_line": 1, "executed_branches": [], "missing_branches": [[3, -1], [3, 4]]}}, "classes": {"": {"executed_lines": [], "summary": {"covered_lines": 0, "num_statements": 3, "percent_covered": 0.0, "percent_covered_display": "0", "missing_lines": 3, "excluded_lines": 0, "percent_statements_covered": 0.0, "percent_statements_covered_display": "0", "num_branches": 2, "num_partial_branches": 0, "covered_branches": 0, "missing_branches": 2, "percent_branches_covered": 0.0, "percent_branches_covered_display": "0"}, "missing_lines": [1, 3, 4], "excluded_lines": [], "start_line": 1, "executed_branches": [], "missing_branches": [[3, -1], [3, 4]]}}}, "src\\ebook_pipeline\\academic\\__init__.py": {"executed_lines": [], "summary": {"covered_lines": 0, "num_statements": 0, "percent_covered": 100.0, "percent_covered_display": "100", "missing_lines": 0, "excluded_lines": 0, "percent_statements_covered": 100.0, "percent_statements_covered_display": "100", "num_branches": 0, "num_partial_branches": 0, "covered_branches": 0, "missing_branches": 0, "percent_branches_covered": 100.0, "percent_branches_covered_display": "100"}, "missing_lines": [], "excluded_lines": [], "executed_branches": [], "missing_branches": [], "functions": {"": {"executed_lines": [], "summary": {"covered_lines": 0, "num_statements": 0, "percent_covered": 100.0, "percent_covered_display": "100", "missing_lines": 0, "excluded_lines": 0, "percent_statements_covered": 100.0, "percent_statements_covered_display": "100", "num_branches": 0, "num_partial_branches": 0, "covered_branches": 0, "missing_branches": 0, "percent_branches_covered": 100.0, "percent_branches_covered_display": "100"}, "missing_lines": [], "excluded_lines": [], "start_line": 1, "executed_branches": [], "missing_branches": []}}, "classes": {"": {"executed_lines": [], "summary": {"covered_lines": 0, "num_statements": 0, "percent_covered": 100.0, "percent_covered_display": "100", "missing_lines": 0, "excluded_lines": 0, "percent_statements_covered": 100.0, "percent_statements_covered_display": "100", "num_branches": 0, "num_partial_branches": 0, "covered_branches": 0, "missing_branches": 0, "percent_branches_covered": 100.0, "percent_branches_covered_display": "100"}, "missing_lines": [], "excluded_lines": [], "start_line": 1, "executed_branches": [], "missing_branches": []}}}, "src\\ebook_pipeline\\academic\\models.py": {"executed_lines": [1, 3, 4, 6, 9, 10, 11, 12, 15, 16, 17, 18, 19, 22, 23, 24, 25, 28, 29, 30, 31, 32, 33, 36, 37, 38, 39, 42, 43, 44, 45, 46, 47, 48, 51, 52, 53, 56, 57, 58, 59, 60, 63, 64, 65, 66, 69, 70, 71, 72, 75, 76, 77, 78, 79, 80, 81, 82, 83, 84, 85, 86, 87, 88, 89, 90, 91, 92, 93, 96, 97, 98, 99, 100, 101, 102, 105, 106, 107, 108, 109, 110, 111, 112, 115, 116, 117, 118, 119, 122, 123, 124, 125, 126], "summary": {"covered_lines": 94, "num_statements": 94, "percent_covered": 100.0, "percent_covered_display": "100", "missing_lines": 0, "excluded_lines": 0, "percent_statements_covered": 100.0, "percent_statements_covered_display": "100", "num_branches": 0, "num_partial_branches": 0, "covered_branches": 0, "missing_branches": 0, "percent_branches_covered": 100.0, "percent_branches_covered_display": "100"}, "missing_lines": [], "excluded_lines": [], "executed_branches": [], "missing_branches": [], "functions": {"": {"executed_lines": [1, 3, 4, 6, 9, 10, 11, 12, 15, 16, 17, 18, 19, 22, 23, 24, 25, 28, 29, 30, 31, 32, 33, 36, 37, 38, 39, 42, 43, 44, 45, 46, 47, 48, 51, 52, 53, 56, 57, 58, 59, 60, 63, 64, 65, 66, 69, 70, 71, 72, 75, 76, 77, 78, 79, 80, 81, 82, 83, 84, 85, 86, 87, 88, 89, 90, 91, 92, 93, 96, 97, 98, 99, 100, 101, 102, 105, 106, 107, 108, 109, 110, 111, 112, 115, 116, 117, 118, 119, 122, 123, 124, 125, 126], "summary": {"covered_lines": 94, "num_statements": 94, "percent_covered": 100.0, "percent_covered_display": "100", "missing_lines": 0, "excluded_lines": 0, "percent_statements_covered": 100.0, "percent_statements_covered_display": "100", "num_branches": 0, "num_partial_branches": 0, "covered_branches": 0, "missing_branches": 0, "percent_branches_covered": 100.0, "percent_branches_covered_display": "100"}, "missing_lines": [], "excluded_lines": [], "start_line": 1, "executed_branches": [], "missing_branches": []}}, "classes": {"DocumentKind": {"executed_lines": [], "summary": {"covered_lines": 0, "num_statements": 0, "percent_covered": 100.0, "percent_covered_display": "100", "missing_lines": 0, "excluded_lines": 0, "percent_statements_covered": 100.0, "percent_statements_covered_display": "100", "num_branches": 0, "num_partial_branches": 0, "covered_branches": 0, "missing_branches": 0, "percent_branches_covered": 100.0, "percent_branches_covered_display": "100"}, "missing_lines": [], "excluded_lines": [], "start_line": 9, "executed_branches": [], "missing_branches": []}, "AcceptanceStatus": {"executed_lines": [], "summary": {"covered_lines": 0, "num_statements": 0, "percent_covered": 100.0, "percent_covered_display": "100", "missing_lines": 0, "excluded_lines": 0, "percent_statements_covered": 100.0, "percent_statements_covered_display": "100", "num_branches": 0, "num_partial_branches": 0, "covered_branches": 0, "missing_branches": 0, "percent_branches_covered": 100.0, "percent_branches_covered_display": "100"}, "missing_lines": [], "excluded_lines": [], "start_line": 15, "executed_branches": [], "missing_branches": []}, "WordingStatus": {"executed_lines": [], "summary": {"covered_lines": 0, "num_statements": 0, "percent_covered": 100.0, "percent_covered_display": "100", "missing_lines": 0, "excluded_lines": 0, "percent_statements_covered": 100.0, "percent_statements_covered_display": "100", "num_branches": 0, "num_partial_branches": 0, "covered_branches": 0, "missing_branches": 0, "percent_branches_covered": 100.0, "percent_branches_covered_display": "100"}, "missing_lines": [], "excluded_lines": [], "start_line": 22, "executed_branches": [], "missing_branches": []}, "EditorialMarker": {"executed_lines": [], "summary": {"covered_lines": 0, "num_statements": 0, "percent_covered": 100.0, "percent_covered_display": "100", "missing_lines": 0, "excluded_lines": 0, "percent_statements_covered": 100.0, "percent_statements_covered_display": "100", "num_branches": 0, "num_partial_branches": 0, "covered_branches": 0, "missing_branches": 0, "percent_branches_covered": 100.0, "percent_branches_covered_display": "100"}, "missing_lines": [], "excluded_lines": [], "start_line": 28, "executed_branches": [], "missing_branches": []}, "HeaderStatus": {"executed_lines": [], "summary": {"covered_lines": 0, "num_statements": 0, "percent_covered": 100.0, "percent_covered_display": "100", "missing_lines": 0, "excluded_lines": 0, "percent_statements_covered": 100.0, "percent_statements_covered_display": "100", "num_branches": 0, "num_partial_branches": 0, "covered_branches": 0, "missing_branches": 0, "percent_branches_covered": 100.0, "percent_branches_covered_display": "100"}, "missing_lines": [], "excluded_lines": [], "start_line": 36, "executed_branches": [], "missing_branches": []}, "ObservedQuestion": {"executed_lines": [], "summary": {"covered_lines": 0, "num_statements": 0, "percent_covered": 100.0, "percent_covered_display": "100", "missing_lines": 0, "excluded_lines": 0, "percent_statements_covered": 100.0, "percent_statements_covered_display": "100", "num_branches": 0, "num_partial_branches": 0, "covered_branches": 0, "missing_branches": 0, "percent_branches_covered": 100.0, "percent_branches_covered_display": "100"}, "missing_lines": [], "excluded_lines": [], "start_line": 43, "executed_branches": [], "missing_branches": []}, "Questionnaire": {"executed_lines": [], "summary": {"covered_lines": 0, "num_statements": 0, "percent_covered": 100.0, "percent_covered_display": "100", "missing_lines": 0, "excluded_lines": 0, "percent_statements_covered": 100.0, "percent_statements_covered_display": "100", "num_branches": 0, "num_partial_branches": 0, "covered_branches": 0, "missing_branches": 0, "percent_branches_covered": 100.0, "percent_branches_covered_display": "100"}, "missing_lines": [], "excluded_lines": [], "start_line": 52, "executed_branches": [], "missing_branches": []}, "EditorialBlock": {"executed_lines": [], "summary": {"covered_lines": 0, "num_statements": 0, "percent_covered": 100.0, "percent_covered_display": "100", "missing_lines": 0, "excluded_lines": 0, "percent_statements_covered": 100.0, "percent_statements_covered_display": "100", "num_branches": 0, "num_partial_branches": 0, "covered_branches": 0, "missing_branches": 0, "percent_branches_covered": 100.0, "percent_branches_covered_display": "100"}, "missing_lines": [], "excluded_lines": [], "start_line": 57, "executed_branches": [], "missing_branches": []}, "ConsolidatedAnswer": {"executed_lines": [], "summary": {"covered_lines": 0, "num_statements": 0, "percent_covered": 100.0, "percent_covered_display": "100", "missing_lines": 0, "excluded_lines": 0, "percent_statements_covered": 100.0, "percent_statements_covered_display": "100", "num_branches": 0, "num_partial_branches": 0, "covered_branches": 0, "missing_branches": 0, "percent_branches_covered": 100.0, "percent_branches_covered_display": "100"}, "missing_lines": [], "excluded_lines": [], "start_line": 64, "executed_branches": [], "missing_branches": []}, "ConsolidatedAnswers": {"executed_lines": [], "summary": {"covered_lines": 0, "num_statements": 0, "percent_covered": 100.0, "percent_covered_display": "100", "missing_lines": 0, "excluded_lines": 0, "percent_statements_covered": 100.0, "percent_statements_covered_display": "100", "num_branches": 0, "num_partial_branches": 0, "covered_branches": 0, "missing_branches": 0, "percent_branches_covered": 100.0, "percent_branches_covered_display": "100"}, "missing_lines": [], "excluded_lines": [], "start_line": 70, "executed_branches": [], "missing_branches": []}, "AcademicDocument": {"executed_lines": [], "summary": {"covered_lines": 0, "num_statements": 0, "percent_covered": 100.0, "percent_covered_display": "100", "missing_lines": 0, "excluded_lines": 0, "percent_statements_covered": 100.0, "percent_statements_covered_display": "100", "num_branches": 0, "num_partial_branches": 0, "covered_branches": 0, "missing_branches": 0, "percent_branches_covered": 100.0, "percent_branches_covered_display": "100"}, "missing_lines": [], "excluded_lines": [], "start_line": 76, "executed_branches": [], "missing_branches": []}, "AcademicPlanAuthorization": {"executed_lines": [], "summary": {"covered_lines": 0, "num_statements": 0, "percent_covered": 100.0, "percent_covered_display": "100", "missing_lines": 0, "excluded_lines": 0, "percent_statements_covered": 100.0, "percent_statements_covered_display": "100", "num_branches": 0, "num_partial_branches": 0, "covered_branches": 0, "missing_branches": 0, "percent_branches_covered": 100.0, "percent_branches_covered_display": "100"}, "missing_lines": [], "excluded_lines": [], "start_line": 97, "executed_branches": [], "missing_branches": []}, "AcademicReviewDecision": {"executed_lines": [], "summary": {"covered_lines": 0, "num_statements": 0, "percent_covered": 100.0, "percent_covered_display": "100", "missing_lines": 0, "excluded_lines": 0, "percent_statements_covered": 100.0, "percent_statements_covered_display": "100", "num_branches": 0, "num_partial_branches": 0, "covered_branches": 0, "missing_branches": 0, "percent_branches_covered": 100.0, "percent_branches_covered_display": "100"}, "missing_lines": [], "excluded_lines": [], "start_line": 106, "executed_branches": [], "missing_branches": []}, "AcceptedAcademicArtifact": {"executed_lines": [], "summary": {"covered_lines": 0, "num_statements": 0, "percent_covered": 100.0, "percent_covered_display": "100", "missing_lines": 0, "excluded_lines": 0, "percent_statements_covered": 100.0, "percent_statements_covered_display": "100", "num_branches": 0, "num_partial_branches": 0, "covered_branches": 0, "missing_branches": 0, "percent_branches_covered": 100.0, "percent_branches_covered_display": "100"}, "missing_lines": [], "excluded_lines": [], "start_line": 116, "executed_branches": [], "missing_branches": []}, "CurrentWritingInputs": {"executed_lines": [], "summary": {"covered_lines": 0, "num_statements": 0, "percent_covered": 100.0, "percent_covered_display": "100", "missing_lines": 0, "excluded_lines": 0, "percent_statements_covered": 100.0, "percent_statements_covered_display": "100", "num_branches": 0, "num_partial_branches": 0, "covered_branches": 0, "missing_branches": 0, "percent_branches_covered": 100.0, "percent_branches_covered_display": "100"}, "missing_lines": [], "excluded_lines": [], "start_line": 123, "executed_branches": [], "missing_branches": []}, "": {"executed_lines": [1, 3, 4, 6, 9, 10, 11, 12, 15, 16, 17, 18, 19, 22, 23, 24, 25, 28, 29, 30, 31, 32, 33, 36, 37, 38, 39, 42, 43, 44, 45, 46, 47, 48, 51, 52, 53, 56, 57, 58, 59, 60, 63, 64, 65, 66, 69, 70, 71, 72, 75, 76, 77, 78, 79, 80, 81, 82, 83, 84, 85, 86, 87, 88, 89, 90, 91, 92, 93, 96, 97, 98, 99, 100, 101, 102, 105, 106, 107, 108, 109, 110, 111, 112, 115, 116, 117, 118, 119, 122, 123, 124, 125, 126], "summary": {"covered_lines": 94, "num_statements": 94, "percent_covered": 100.0, "percent_covered_display": "100", "missing_lines": 0, "excluded_lines": 0, "percent_statements_covered": 100.0, "percent_statements_covered_display": "100", "num_branches": 0, "num_partial_branches": 0, "covered_branches": 0, "missing_branches": 0, "percent_branches_covered": 100.0, "percent_branches_covered_display": "100"}, "missing_lines": [], "excluded_lines": [], "start_line": 1, "executed_branches": [], "missing_branches": []}}}, "src\\ebook_pipeline\\academic\\parsers.py": {"executed_lines": [1, 3, 4, 6, 13, 15, 16, 23, 30, 31, 34, 35, 36, 37, 38, 43, 44, 45, 46, 55, 56, 59, 60, 61, 62, 63, 65, 66, 67, 68, 69, 70, 71, 72, 73, 74, 78, 79, 81, 82, 83, 85, 86, 87, 88, 93, 94, 95, 96, 97, 100, 101, 104, 105, 106, 113, 114, 115, 116, 117, 121, 122, 127, 130, 131, 132, 133, 134, 135, 138, 139, 140, 141, 142, 143, 144, 145, 149, 150, 151, 154, 155, 156, 157, 158, 159, 160, 161, 162, 163, 164, 165, 167, 168, 169, 170, 171, 173, 175, 176, 177, 178, 179, 182, 183, 184, 185, 186, 188, 189, 190, 191, 192, 193, 197, 198, 199, 201, 202, 203, 204, 208, 209, 210, 211, 212, 215, 216, 217, 219, 220, 221, 222, 227, 228, 232, 233, 234, 239], "summary": {"covered_lines": 139, "num_statements": 143, "percent_covered": 94.83568075117371, "percent_covered_display": "95", "missing_lines": 4, "excluded_lines": 0, "percent_statements_covered": 97.2027972027972, "percent_statements_covered_display": "97", "num_branches": 70, "num_partial_branches": 7, "covered_branches": 63, "missing_branches": 7, "percent_branches_covered": 90.0, "percent_branches_covered_display": "90"}, "missing_lines": [84, 107, 119, 229], "excluded_lines": [], "executed_branches": [[46, 55], [46, 56], [62, 63], [62, 65], [66, 67], [66, 81], [68, 69], [68, 72], [72, 73], [72, 79], [73, 74], [73, 78], [81, 82], [81, 86], [83, 85], [87, 88], [87, 93], [94, 95], [94, 101], [96, 97], [96, 100], [106, 113], [114, 115], [114, 116], [116, 117], [121, 122], [121, 127], [132, 133], [132, 135], [133, 132], [133, 134], [140, 141], [140, 151], [144, 145], [144, 149], [149, 150], [158, 159], [160, 161], [160, 163], [163, 164], [163, 167], [175, 176], [175, 177], [178, 179], [178, 182], [188, 189], [188, 227], [190, 191], [190, 201], [192, 193], [192, 197], [202, 203], [202, 219], [203, 204], [203, 208], [211, 212], [211, 215], [219, 220], [219, 221], [221, 222], [228, 232], [233, 234], [233, 239]], "missing_branches": [[83, 84], [106, 107], [116, 119], [149, 151], [158, 167], [221, 188], [228, 229]], "functions": {"decode_academic_text": {"executed_lines": [35, 36, 37, 38], "summary": {"covered_lines": 4, "num_statements": 4, "percent_covered": 100.0, "percent_covered_display": "100", "missing_lines": 0, "excluded_lines": 0, "percent_statements_covered": 100.0, "percent_statements_covered_display": "100", "num_branches": 0, "num_partial_branches": 0, "covered_branches": 0, "missing_branches": 0, "percent_branches_covered": 100.0, "percent_branches_covered_display": "100"}, "missing_lines": [], "excluded_lines": [], "start_line": 34, "executed_branches": [], "missing_branches": []}, "normalize_comparison": {"executed_lines": [44, 45, 46, 55, 56], "summary": {"covered_lines": 5, "num_statements": 5, "percent_covered": 100.0, "percent_covered_display": "100", "missing_lines": 0, "excluded_lines": 0, "percent_statements_covered": 100.0, "percent_statements_covered_display": "100", "num_branches": 2, "num_partial_branches": 0, "covered_branches": 2, "missing_branches": 0, "percent_branches_covered": 100.0, "percent_branches_covered_display": "100"}, "missing_lines": [], "excluded_lines": [], "start_line": 43, "executed_branches": [[46, 55], [46, 56]], "missing_branches": []}, "parse_numbered_entries": {"executed_lines": [60, 61, 62, 63, 65, 66, 67, 68, 69, 70, 71, 72, 73, 74, 78, 79, 81, 82, 83, 85, 86, 87, 88, 93, 94, 95, 96, 97, 100, 101], "summary": {"covered_lines": 30, "num_statements": 31, "percent_covered": 96.07843137254902, "percent_covered_display": "96", "missing_lines": 1, "excluded_lines": 0, "percent_statements_covered": 96.7741935483871, "percent_statements_covered_display": "97", "num_branches": 20, "num_partial_branches": 1, "covered_branches": 19, "missing_branches": 1, "percent_branches_covered": 95.0, "percent_branches_covered_display": "95"}, "missing_lines": [84], "excluded_lines": [], "start_line": 59, "executed_branches": [[62, 63], [62, 65], [66, 67], [66, 81], [68, 69], [68, 72], [72, 73], [72, 79], [73, 74], [73, 78], [81, 82], [81, 86], [83, 85], [87, 88], [87, 93], [94, 95], [94, 101], [96, 97], [96, 100]], "missing_branches": [[83, 84]]}, "_parse_positional_entries": {"executed_lines": [105, 106, 113, 114, 115, 116, 117, 121, 122, 127], "summary": {"covered_lines": 10, "num_statements": 12, "percent_covered": 80.0, "percent_covered_display": "80", "missing_lines": 2, "excluded_lines": 0, "percent_statements_covered": 83.33333333333333, "percent_statements_covered_display": "83", "num_branches": 8, "num_partial_branches": 2, "covered_branches": 6, "missing_branches": 2, "percent_branches_covered": 75.0, "percent_branches_covered_display": "75"}, "missing_lines": [107, 119], "excluded_lines": [], "start_line": 104, "executed_branches": [[106, 113], [114, 115], [114, 116], [116, 117], [121, 122], [121, 127]], "missing_branches": [[106, 107], [116, 119]]}, "_title_number": {"executed_lines": [131, 132, 133, 134, 135], "summary": {"covered_lines": 5, "num_statements": 5, "percent_covered": 100.0, "percent_covered_display": "100", "missing_lines": 0, "excluded_lines": 0, "percent_statements_covered": 100.0, "percent_statements_covered_display": "100", "num_branches": 4, "num_partial_branches": 0, "covered_branches": 4, "missing_branches": 0, "percent_branches_covered": 100.0, "percent_branches_covered_display": "100"}, "missing_lines": [], "excluded_lines": [], "start_line": 130, "executed_branches": [[132, 133], [132, 135], [133, 132], [133, 134]], "missing_branches": []}, "_answer_anchor": {"executed_lines": [139, 140, 141, 142, 143, 144, 145, 149, 150, 151], "summary": {"covered_lines": 10, "num_statements": 10, "percent_covered": 93.75, "percent_covered_display": "94", "missing_lines": 0, "excluded_lines": 0, "percent_statements_covered": 100.0, "percent_statements_covered_display": "100", "num_branches": 6, "num_partial_branches": 1, "covered_branches": 5, "missing_branches": 1, "percent_branches_covered": 83.33333333333333, "percent_branches_covered_display": "83"}, "missing_lines": [], "excluded_lines": [], "start_line": 138, "executed_branches": [[140, 141], [140, 151], [144, 145], [144, 149], [149, 150]], "missing_branches": [[149, 151]]}, "parse_consolidated_answers": {"executed_lines": [155, 156, 157, 158, 159, 160, 161, 162, 163, 164, 165, 167, 168, 169, 170, 171, 173, 188, 189, 190, 191, 192, 193, 197, 198, 199, 201, 202, 203, 204, 208, 209, 210, 211, 212, 215, 216, 217, 219, 220, 221, 222, 227, 228, 232, 233, 234, 239], "summary": {"covered_lines": 48, "num_statements": 49, "percent_covered": 94.66666666666667, "percent_covered_display": "95", "missing_lines": 1, "excluded_lines": 0, "percent_statements_covered": 97.95918367346938, "percent_statements_covered_display": "98", "num_branches": 26, "num_partial_branches": 3, "covered_branches": 23, "missing_branches": 3, "percent_branches_covered": 88.46153846153847, "percent_branches_covered_display": "88"}, "missing_lines": [229], "excluded_lines": [], "start_line": 154, "executed_branches": [[158, 159], [160, 161], [160, 163], [163, 164], [163, 167], [188, 189], [188, 227], [190, 191], [190, 201], [192, 193], [192, 197], [202, 203], [202, 219], [203, 204], [203, 208], [211, 212], [211, 215], [219, 220], [219, 221], [221, 222], [228, 232], [233, 234], [233, 239]], "missing_branches": [[158, 167], [221, 188], [228, 229]]}, "parse_consolidated_answers.finish_block": {"executed_lines": [175, 176, 177, 178, 179, 182, 183, 184, 185, 186], "summary": {"covered_lines": 10, "num_statements": 10, "percent_covered": 100.0, "percent_covered_display": "100", "missing_lines": 0, "excluded_lines": 0, "percent_statements_covered": 100.0, "percent_statements_covered_display": "100", "num_branches": 4, "num_partial_branches": 0, "covered_branches": 4, "missing_branches": 0, "percent_branches_covered": 100.0, "percent_branches_covered_display": "100"}, "missing_lines": [], "excluded_lines": [], "start_line": 173, "executed_branches": [[175, 176], [175, 177], [178, 179], [178, 182]], "missing_branches": []}, "": {"executed_lines": [1, 3, 4, 6, 13, 15, 16, 23, 30, 31, 34, 43, 59, 104, 130, 138, 154], "summary": {"covered_lines": 17, "num_statements": 17, "percent_covered": 100.0, "percent_covered_display": "100", "missing_lines": 0, "excluded_lines": 0, "percent_statements_covered": 100.0, "percent_statements_covered_display": "100", "num_branches": 0, "num_partial_branches": 0, "covered_branches": 0, "missing_branches": 0, "percent_branches_covered": 100.0, "percent_branches_covered_display": "100"}, "missing_lines": [], "excluded_lines": [], "start_line": 1, "executed_branches": [], "missing_branches": []}}, "classes": {"": {"executed_lines": [1, 3, 4, 6, 13, 15, 16, 23, 30, 31, 34, 35, 36, 37, 38, 43, 44, 45, 46, 55, 56, 59, 60, 61, 62, 63, 65, 66, 67, 68, 69, 70, 71, 72, 73, 74, 78, 79, 81, 82, 83, 85, 86, 87, 88, 93, 94, 95, 96, 97, 100, 101, 104, 105, 106, 113, 114, 115, 116, 117, 121, 122, 127, 130, 131, 132, 133, 134, 135, 138, 139, 140, 141, 142, 143, 144, 145, 149, 150, 151, 154, 155, 156, 157, 158, 159, 160, 161, 162, 163, 164, 165, 167, 168, 169, 170, 171, 173, 175, 176, 177, 178, 179, 182, 183, 184, 185, 186, 188, 189, 190, 191, 192, 193, 197, 198, 199, 201, 202, 203, 204, 208, 209, 210, 211, 212, 215, 216, 217, 219, 220, 221, 222, 227, 228, 232, 233, 234, 239], "summary": {"covered_lines": 139, "num_statements": 143, "percent_covered": 94.83568075117371, "percent_covered_display": "95", "missing_lines": 4, "excluded_lines": 0, "percent_statements_covered": 97.2027972027972, "percent_statements_covered_display": "97", "num_branches": 70, "num_partial_branches": 7, "covered_branches": 63, "missing_branches": 7, "percent_branches_covered": 90.0, "percent_branches_covered_display": "90"}, "missing_lines": [84, 107, 119, 229], "excluded_lines": [], "start_line": 1, "executed_branches": [[46, 55], [46, 56], [62, 63], [62, 65], [66, 67], [66, 81], [68, 69], [68, 72], [72, 73], [72, 79], [73, 74], [73, 78], [81, 82], [81, 86], [83, 85], [87, 88], [87, 93], [94, 95], [94, 101], [96, 97], [96, 100], [106, 113], [114, 115], [114, 116], [116, 117], [121, 122], [121, 127], [132, 133], [132, 135], [133, 132], [133, 134], [140, 141], [140, 151], [144, 145], [144, 149], [149, 150], [158, 159], [160, 161], [160, 163], [163, 164], [163, 167], [175, 176], [175, 177], [178, 179], [178, 182], [188, 189], [188, 227], [190, 191], [190, 201], [192, 193], [192, 197], [202, 203], [202, 219], [203, 204], [203, 208], [211, 212], [211, 215], [219, 220], [219, 221], [221, 222], [228, 232], [233, 234], [233, 239]], "missing_branches": [[83, 84], [106, 107], [116, 119], [149, 151], [158, 167], [221, 188], [228, 229]]}}}, "src\\ebook_pipeline\\academic\\recovery.py": {"executed_lines": [1, 3, 5, 6, 7, 8, 9, 12, 15, 16, 18, 21], "summary": {"covered_lines": 12, "num_statements": 12, "percent_covered": 100.0, "percent_covered_display": "100", "missing_lines": 0, "excluded_lines": 0, "percent_statements_covered": 100.0, "percent_statements_covered_display": "100", "num_branches": 0, "num_partial_branches": 0, "covered_branches": 0, "missing_branches": 0, "percent_branches_covered": 100.0, "percent_branches_covered_display": "100"}, "missing_lines": [], "excluded_lines": [], "executed_branches": [], "missing_branches": [], "functions": {"AcademicRecovery.__init__": {"executed_lines": [16], "summary": {"covered_lines": 1, "num_statements": 1, "percent_covered": 100.0, "percent_covered_display": "100", "missing_lines": 0, "excluded_lines": 0, "percent_statements_covered": 100.0, "percent_statements_covered_display": "100", "num_branches": 0, "num_partial_branches": 0, "covered_branches": 0, "missing_branches": 0, "percent_branches_covered": 100.0, "percent_branches_covered_display": "100"}, "missing_lines": [], "excluded_lines": [], "start_line": 15, "executed_branches": [], "missing_branches": []}, "AcademicRecovery.recover_run": {"executed_lines": [21], "summary": {"covered_lines": 1, "num_statements": 1, "percent_covered": 100.0, "percent_covered_display": "100", "missing_lines": 0, "excluded_lines": 0, "percent_statements_covered": 100.0, "percent_statements_covered_display": "100", "num_branches": 0, "num_partial_branches": 0, "covered_branches": 0, "missing_branches": 0, "percent_branches_covered": 100.0, "percent_branches_covered_display": "100"}, "missing_lines": [], "excluded_lines": [], "start_line": 18, "executed_branches": [], "missing_branches": []}, "": {"executed_lines": [1, 3, 5, 6, 7, 8, 9, 12, 15, 18], "summary": {"covered_lines": 10, "num_statements": 10, "percent_covered": 100.0, "percent_covered_display": "100", "missing_lines": 0, "excluded_lines": 0, "percent_statements_covered": 100.0, "percent_statements_covered_display": "100", "num_branches": 0, "num_partial_branches": 0, "covered_branches": 0, "missing_branches": 0, "percent_branches_covered": 100.0, "percent_branches_covered_display": "100"}, "missing_lines": [], "excluded_lines": [], "start_line": 1, "executed_branches": [], "missing_branches": []}}, "classes": {"AcademicRecovery": {"executed_lines": [16, 21], "summary": {"covered_lines": 2, "num_statements": 2, "percent_covered": 100.0, "percent_covered_display": "100", "missing_lines": 0, "excluded_lines": 0, "percent_statements_covered": 100.0, "percent_statements_covered_display": "100", "num_branches": 0, "num_partial_branches": 0, "covered_branches": 0, "missing_branches": 0, "percent_branches_covered": 100.0, "percent_branches_covered_display": "100"}, "missing_lines": [], "excluded_lines": [], "start_line": 12, "executed_branches": [], "missing_branches": []}, "": {"executed_lines": [1, 3, 5, 6, 7, 8, 9, 12, 15, 18], "summary": {"covered_lines": 10, "num_statements": 10, "percent_covered": 100.0, "percent_covered_display": "100", "missing_lines": 0, "excluded_lines": 0, "percent_statements_covered": 100.0, "percent_statements_covered_display": "100", "num_branches": 0, "num_partial_branches": 0, "covered_branches": 0, "missing_branches": 0, "percent_branches_covered": 100.0, "percent_branches_covered_display": "100"}, "missing_lines": [], "excluded_lines": [], "start_line": 1, "executed_branches": [], "missing_branches": []}}}, "src\\ebook_pipeline\\academic\\rendering.py": {"executed_lines": [1, 3, 4, 7, 10, 15, 16, 17, 22, 23, 24, 25], "summary": {"covered_lines": 12, "num_statements": 14, "percent_covered": 81.81818181818181, "percent_covered_display": "82", "missing_lines": 2, "excluded_lines": 0, "percent_statements_covered": 85.71428571428571, "percent_statements_covered_display": "86", "num_branches": 8, "num_partial_branches": 2, "covered_branches": 6, "missing_branches": 2, "percent_branches_covered": 75.0, "percent_branches_covered_display": "75"}, "missing_lines": [11, 18], "excluded_lines": [], "executed_branches": [[10, 15], [16, 17], [16, 25], [17, 22], [23, 16], [23, 24]], "missing_branches": [[10, 11], [17, 18]], "functions": {"render_answers_for_writing": {"executed_lines": [10, 15, 16, 17, 22, 23, 24, 25], "summary": {"covered_lines": 8, "num_statements": 10, "percent_covered": 77.77777777777777, "percent_covered_display": "78", "missing_lines": 2, "excluded_lines": 0, "percent_statements_covered": 80.0, "percent_statements_covered_display": "80", "num_branches": 8, "num_partial_branches": 2, "covered_branches": 6, "missing_branches": 2, "percent_branches_covered": 75.0, "percent_branches_covered_display": "75"}, "missing_lines": [11, 18], "excluded_lines": [], "start_line": 7, "executed_branches": [[10, 15], [16, 17], [16, 25], [17, 22], [23, 16], [23, 24]], "missing_branches": [[10, 11], [17, 18]]}, "": {"executed_lines": [1, 3, 4, 7], "summary": {"covered_lines": 4, "num_statements": 4, "percent_covered": 100.0, "percent_covered_display": "100", "missing_lines": 0, "excluded_lines": 0, "percent_statements_covered": 100.0, "percent_statements_covered_display": "100", "num_branches": 0, "num_partial_branches": 0, "covered_branches": 0, "missing_branches": 0, "percent_branches_covered": 100.0, "percent_branches_covered_display": "100"}, "missing_lines": [], "excluded_lines": [], "start_line": 1, "executed_branches": [], "missing_branches": []}}, "classes": {"": {"executed_lines": [1, 3, 4, 7, 10, 15, 16, 17, 22, 23, 24, 25], "summary": {"covered_lines": 12, "num_statements": 14, "percent_covered": 81.81818181818181, "percent_covered_display": "82", "missing_lines": 2, "excluded_lines": 0, "percent_statements_covered": 85.71428571428571, "percent_statements_covered_display": "86", "num_branches": 8, "num_partial_branches": 2, "covered_branches": 6, "missing_branches": 2, "percent_branches_covered": 75.0, "percent_branches_covered_display": "75"}, "missing_lines": [11, 18], "excluded_lines": [], "start_line": 1, "executed_branches": [[10, 15], [16, 17], [16, 25], [17, 22], [23, 16], [23, 24]], "missing_branches": [[10, 11], [17, 18]]}}}, "src\\ebook_pipeline\\academic\\repositories.py": {"executed_lines": [1, 3, 4, 6, 13, 14, 15, 16, 19, 20, 21, 22, 23, 26, 27, 30, 31, 34, 35, 36, 38, 39, 40, 67, 68, 72, 73, 76, 77, 80, 82, 83, 86, 88, 91, 98, 99, 100, 101, 104, 105, 107, 108, 113, 115, 116, 121, 123, 126, 131, 133, 136, 141, 143, 144, 149, 151, 152, 153, 158, 159, 160, 161, 162, 165, 167, 170, 171, 175, 176, 181, 182, 185, 187, 190, 191, 197, 198, 199, 203, 204, 207, 216, 217, 218, 220, 221, 225, 227, 228, 229, 230, 231, 238, 239, 255, 258, 259, 260, 262, 263, 267, 269, 270, 271, 272, 273, 281, 294, 297, 298, 299, 301, 302, 305, 306, 307, 309, 310, 314], "summary": {"covered_lines": 120, "num_statements": 122, "percent_covered": 98.61111111111111, "percent_covered_display": "99", "missing_lines": 2, "excluded_lines": 0, "percent_statements_covered": 98.36065573770492, "percent_statements_covered_display": "98", "num_branches": 22, "num_partial_branches": 0, "covered_branches": 22, "missing_branches": 0, "percent_branches_covered": 100.0, "percent_branches_covered_display": "100"}, "missing_lines": [251, 252], "excluded_lines": [], "executed_branches": [[76, 77], [76, 80], [98, 99], [98, 100], [158, 159], [158, 165], [160, 161], [160, 162], [170, 171], [170, 175], [181, 182], [181, 185], [197, 198], [197, 207], [199, 203], [199, 204], [229, 230], [229, 231], [271, 272], [271, 273], [305, 306], [305, 307]], "missing_branches": [], "functions": {"_document": {"executed_lines": [20, 21, 22, 23], "summary": {"covered_lines": 4, "num_statements": 4, "percent_covered": 100.0, "percent_covered_display": "100", "missing_lines": 0, "excluded_lines": 0, "percent_statements_covered": 100.0, "percent_statements_covered_display": "100", "num_branches": 0, "num_partial_branches": 0, "covered_branches": 0, "missing_branches": 0, "percent_branches_covered": 100.0, "percent_branches_covered_display": "100"}, "missing_lines": [], "excluded_lines": [], "start_line": 19, "executed_branches": [], "missing_branches": []}, "_authorization": {"executed_lines": [27], "summary": {"covered_lines": 1, "num_statements": 1, "percent_covered": 100.0, "percent_covered_display": "100", "missing_lines": 0, "excluded_lines": 0, "percent_statements_covered": 100.0, "percent_statements_covered_display": "100", "num_branches": 0, "num_partial_branches": 0, "covered_branches": 0, "missing_branches": 0, "percent_branches_covered": 100.0, "percent_branches_covered_display": "100"}, "missing_lines": [], "excluded_lines": [], "start_line": 26, "executed_branches": [], "missing_branches": []}, "_review": {"executed_lines": [31], "summary": {"covered_lines": 1, "num_statements": 1, "percent_covered": 100.0, "percent_covered_display": "100", "missing_lines": 0, "excluded_lines": 0, "percent_statements_covered": 100.0, "percent_statements_covered_display": "100", "num_branches": 0, "num_partial_branches": 0, "covered_branches": 0, "missing_branches": 0, "percent_branches_covered": 100.0, "percent_branches_covered_display": "100"}, "missing_lines": [], "excluded_lines": [], "start_line": 30, "executed_branches": [], "missing_branches": []}, "AcademicDocumentRepository.__init__": {"executed_lines": [36], "summary": {"covered_lines": 1, "num_statements": 1, "percent_covered": 100.0, "percent_covered_display": "100", "missing_lines": 0, "excluded_lines": 0, "percent_statements_covered": 100.0, "percent_statements_covered_display": "100", "num_branches": 0, "num_partial_branches": 0, "covered_branches": 0, "missing_branches": 0, "percent_branches_covered": 100.0, "percent_branches_covered_display": "100"}, "missing_lines": [], "excluded_lines": [], "start_line": 35, "executed_branches": [], "missing_branches": []}, "AcademicDocumentRepository.add": {"executed_lines": [39, 40, 67, 68], "summary": {"covered_lines": 4, "num_statements": 4, "percent_covered": 100.0, "percent_covered_display": "100", "missing_lines": 0, "excluded_lines": 0, "percent_statements_covered": 100.0, "percent_statements_covered_display": "100", "num_branches": 0, "num_partial_branches": 0, "covered_branches": 0, "missing_branches": 0, "percent_branches_covered": 100.0, "percent_branches_covered_display": "100"}, "missing_lines": [], "excluded_lines": [], "start_line": 38, "executed_branches": [], "missing_branches": []}, "AcademicDocumentRepository.get": {"executed_lines": [73, 76, 77, 80], "summary": {"covered_lines": 4, "num_statements": 4, "percent_covered": 100.0, "percent_covered_display": "100", "missing_lines": 0, "excluded_lines": 0, "percent_statements_covered": 100.0, "percent_statements_covered_display": "100", "num_branches": 2, "num_partial_branches": 0, "covered_branches": 2, "missing_branches": 0, "percent_branches_covered": 100.0, "percent_branches_covered_display": "100"}, "missing_lines": [], "excluded_lines": [], "start_line": 72, "executed_branches": [[76, 77], [76, 80]], "missing_branches": []}, "AcademicDocumentRepository.get_by_run": {"executed_lines": [83, 86], "summary": {"covered_lines": 2, "num_statements": 2, "percent_covered": 100.0, "percent_covered_display": "100", "missing_lines": 0, "excluded_lines": 0, "percent_statements_covered": 100.0, "percent_statements_covered_display": "100", "num_branches": 0, "num_partial_branches": 0, "covered_branches": 0, "missing_branches": 0, "percent_branches_covered": 100.0, "percent_branches_covered_display": "100"}, "missing_lines": [], "excluded_lines": [], "start_line": 82, "executed_branches": [], "missing_branches": []}, "AcademicDocumentRepository.find_by_input": {"executed_lines": [91, 98, 99, 100, 101, 104, 105], "summary": {"covered_lines": 7, "num_statements": 7, "percent_covered": 100.0, "percent_covered_display": "100", "missing_lines": 0, "excluded_lines": 0, "percent_statements_covered": 100.0, "percent_statements_covered_display": "100", "num_branches": 2, "num_partial_branches": 0, "covered_branches": 2, "missing_branches": 0, "percent_branches_covered": 100.0, "percent_branches_covered_display": "100"}, "missing_lines": [], "excluded_lines": [], "start_line": 88, "executed_branches": [[98, 99], [98, 100]], "missing_branches": []}, "AcademicDocumentRepository.latest": {"executed_lines": [108, 113], "summary": {"covered_lines": 2, "num_statements": 2, "percent_covered": 100.0, "percent_covered_display": "100", "missing_lines": 0, "excluded_lines": 0, "percent_statements_covered": 100.0, "percent_statements_covered_display": "100", "num_branches": 0, "num_partial_branches": 0, "covered_branches": 0, "missing_branches": 0, "percent_branches_covered": 100.0, "percent_branches_covered_display": "100"}, "missing_lines": [], "excluded_lines": [], "start_line": 107, "executed_branches": [], "missing_branches": []}, "AcademicDocumentRepository.current_accepted": {"executed_lines": [116, 121], "summary": {"covered_lines": 2, "num_statements": 2, "percent_covered": 100.0, "percent_covered_display": "100", "missing_lines": 0, "excluded_lines": 0, "percent_statements_covered": 100.0, "percent_statements_covered_display": "100", "num_branches": 0, "num_partial_branches": 0, "covered_branches": 0, "missing_branches": 0, "percent_branches_covered": 100.0, "percent_branches_covered_display": "100"}, "missing_lines": [], "excluded_lines": [], "start_line": 115, "executed_branches": [], "missing_branches": []}, "AcademicDocumentRepository.by_raw_version": {"executed_lines": [126, 131], "summary": {"covered_lines": 2, "num_statements": 2, "percent_covered": 100.0, "percent_covered_display": "100", "missing_lines": 0, "excluded_lines": 0, "percent_statements_covered": 100.0, "percent_statements_covered_display": "100", "num_branches": 0, "num_partial_branches": 0, "covered_branches": 0, "missing_branches": 0, "percent_branches_covered": 100.0, "percent_branches_covered_display": "100"}, "missing_lines": [], "excluded_lines": [], "start_line": 123, "executed_branches": [], "missing_branches": []}, "AcademicDocumentRepository.by_accepted_version": {"executed_lines": [136, 141], "summary": {"covered_lines": 2, "num_statements": 2, "percent_covered": 100.0, "percent_covered_display": "100", "missing_lines": 0, "excluded_lines": 0, "percent_statements_covered": 100.0, "percent_statements_covered_display": "100", "num_branches": 0, "num_partial_branches": 0, "covered_branches": 0, "missing_branches": 0, "percent_branches_covered": 100.0, "percent_branches_covered_display": "100"}, "missing_lines": [], "excluded_lines": [], "start_line": 133, "executed_branches": [], "missing_branches": []}, "AcademicDocumentRepository.list_for_project": {"executed_lines": [144, 149], "summary": {"covered_lines": 2, "num_statements": 2, "percent_covered": 100.0, "percent_covered_display": "100", "missing_lines": 0, "excluded_lines": 0, "percent_statements_covered": 100.0, "percent_statements_covered_display": "100", "num_branches": 0, "num_partial_branches": 0, "covered_branches": 0, "missing_branches": 0, "percent_branches_covered": 100.0, "percent_branches_covered_display": "100"}, "missing_lines": [], "excluded_lines": [], "start_line": 143, "executed_branches": [], "missing_branches": []}, "AcademicDocumentRepository.set_raw_artifact": {"executed_lines": [152, 153, 158, 159, 160, 161, 162, 165], "summary": {"covered_lines": 8, "num_statements": 8, "percent_covered": 100.0, "percent_covered_display": "100", "missing_lines": 0, "excluded_lines": 0, "percent_statements_covered": 100.0, "percent_statements_covered_display": "100", "num_branches": 4, "num_partial_branches": 0, "covered_branches": 4, "missing_branches": 0, "percent_branches_covered": 100.0, "percent_branches_covered_display": "100"}, "missing_lines": [], "excluded_lines": [], "start_line": 151, "executed_branches": [[158, 159], [158, 165], [160, 161], [160, 162]], "missing_branches": []}, "AcademicDocumentRepository.set_disposition": {"executed_lines": [170, 171, 175, 176, 181, 182, 185], "summary": {"covered_lines": 7, "num_statements": 7, "percent_covered": 100.0, "percent_covered_display": "100", "missing_lines": 0, "excluded_lines": 0, "percent_statements_covered": 100.0, "percent_statements_covered_display": "100", "num_branches": 4, "num_partial_branches": 0, "covered_branches": 4, "missing_branches": 0, "percent_branches_covered": 100.0, "percent_branches_covered_display": "100"}, "missing_lines": [], "excluded_lines": [], "start_line": 167, "executed_branches": [[170, 171], [170, 175], [181, 182], [181, 185]], "missing_branches": []}, "AcademicDocumentRepository.accept": {"executed_lines": [190, 191, 197, 198, 199, 203, 204, 207], "summary": {"covered_lines": 8, "num_statements": 8, "percent_covered": 100.0, "percent_covered_display": "100", "missing_lines": 0, "excluded_lines": 0, "percent_statements_covered": 100.0, "percent_statements_covered_display": "100", "num_branches": 4, "num_partial_branches": 0, "covered_branches": 4, "missing_branches": 0, "percent_branches_covered": 100.0, "percent_branches_covered_display": "100"}, "missing_lines": [], "excluded_lines": [], "start_line": 187, "executed_branches": [[197, 198], [197, 207], [199, 203], [199, 204]], "missing_branches": []}, "AuthorizationRepository.__init__": {"executed_lines": [218], "summary": {"covered_lines": 1, "num_statements": 1, "percent_covered": 100.0, "percent_covered_display": "100", "missing_lines": 0, "excluded_lines": 0, "percent_statements_covered": 100.0, "percent_statements_covered_display": "100", "num_branches": 0, "num_partial_branches": 0, "covered_branches": 0, "missing_branches": 0, "percent_branches_covered": 100.0, "percent_branches_covered_display": "100"}, "missing_lines": [], "excluded_lines": [], "start_line": 217, "executed_branches": [], "missing_branches": []}, "AuthorizationRepository.get_for_answers": {"executed_lines": [221, 225], "summary": {"covered_lines": 2, "num_statements": 2, "percent_covered": 100.0, "percent_covered_display": "100", "missing_lines": 0, "excluded_lines": 0, "percent_statements_covered": 100.0, "percent_statements_covered_display": "100", "num_branches": 0, "num_partial_branches": 0, "covered_branches": 0, "missing_branches": 0, "percent_branches_covered": 100.0, "percent_branches_covered_display": "100"}, "missing_lines": [], "excluded_lines": [], "start_line": 220, "executed_branches": [], "missing_branches": []}, "AuthorizationRepository.add": {"executed_lines": [228, 229, 230, 231, 238, 239, 255], "summary": {"covered_lines": 7, "num_statements": 9, "percent_covered": 81.81818181818181, "percent_covered_display": "82", "missing_lines": 2, "excluded_lines": 0, "percent_statements_covered": 77.77777777777777, "percent_statements_covered_display": "78", "num_branches": 2, "num_partial_branches": 0, "covered_branches": 2, "missing_branches": 0, "percent_branches_covered": 100.0, "percent_branches_covered_display": "100"}, "missing_lines": [251, 252], "excluded_lines": [], "start_line": 227, "executed_branches": [[229, 230], [229, 231]], "missing_branches": []}, "ReviewDecisionRepository.__init__": {"executed_lines": [260], "summary": {"covered_lines": 1, "num_statements": 1, "percent_covered": 100.0, "percent_covered_display": "100", "missing_lines": 0, "excluded_lines": 0, "percent_statements_covered": 100.0, "percent_statements_covered_display": "100", "num_branches": 0, "num_partial_branches": 0, "covered_branches": 0, "missing_branches": 0, "percent_branches_covered": 100.0, "percent_branches_covered_display": "100"}, "missing_lines": [], "excluded_lines": [], "start_line": 259, "executed_branches": [], "missing_branches": []}, "ReviewDecisionRepository.get_for_document": {"executed_lines": [263, 267], "summary": {"covered_lines": 2, "num_statements": 2, "percent_covered": 100.0, "percent_covered_display": "100", "missing_lines": 0, "excluded_lines": 0, "percent_statements_covered": 100.0, "percent_statements_covered_display": "100", "num_branches": 0, "num_partial_branches": 0, "covered_branches": 0, "missing_branches": 0, "percent_branches_covered": 100.0, "percent_branches_covered_display": "100"}, "missing_lines": [], "excluded_lines": [], "start_line": 262, "executed_branches": [], "missing_branches": []}, "ReviewDecisionRepository.add": {"executed_lines": [270, 271, 272, 273, 281, 294], "summary": {"covered_lines": 6, "num_statements": 6, "percent_covered": 100.0, "percent_covered_display": "100", "missing_lines": 0, "excluded_lines": 0, "percent_statements_covered": 100.0, "percent_statements_covered_display": "100", "num_branches": 2, "num_partial_branches": 0, "covered_branches": 2, "missing_branches": 0, "percent_branches_covered": 100.0, "percent_branches_covered_display": "100"}, "missing_lines": [], "excluded_lines": [], "start_line": 269, "executed_branches": [[271, 272], [271, 273]], "missing_branches": []}, "AcademicArtifactRepository.__init__": {"executed_lines": [299], "summary": {"covered_lines": 1, "num_statements": 1, "percent_covered": 100.0, "percent_covered_display": "100", "missing_lines": 0, "excluded_lines": 0, "percent_statements_covered": 100.0, "percent_statements_covered_display": "100", "num_branches": 0, "num_partial_branches": 0, "covered_branches": 0, "missing_branches": 0, "percent_branches_covered": 100.0, "percent_branches_covered_display": "100"}, "missing_lines": [], "excluded_lines": [], "start_line": 298, "executed_branches": [], "missing_branches": []}, "AcademicArtifactRepository.get": {"executed_lines": [302, 305, 306, 307], "summary": {"covered_lines": 4, "num_statements": 4, "percent_covered": 100.0, "percent_covered_display": "100", "missing_lines": 0, "excluded_lines": 0, "percent_statements_covered": 100.0, "percent_statements_covered_display": "100", "num_branches": 2, "num_partial_branches": 0, "covered_branches": 2, "missing_branches": 0, "percent_branches_covered": 100.0, "percent_branches_covered_display": "100"}, "missing_lines": [], "excluded_lines": [], "start_line": 301, "executed_branches": [[305, 306], [305, 307]], "missing_branches": []}, "AcademicArtifactRepository.for_run": {"executed_lines": [310, 314], "summary": {"covered_lines": 2, "num_statements": 2, "percent_covered": 100.0, "percent_covered_display": "100", "missing_lines": 0, "excluded_lines": 0, "percent_statements_covered": 100.0, "percent_statements_covered_display": "100", "num_branches": 0, "num_partial_branches": 0, "covered_branches": 0, "missing_branches": 0, "percent_branches_covered": 100.0, "percent_branches_covered_display": "100"}, "missing_lines": [], "excluded_lines": [], "start_line": 309, "executed_branches": [], "missing_branches": []}, "": {"executed_lines": [1, 3, 4, 6, 13, 14, 15, 16, 19, 26, 30, 34, 35, 38, 72, 82, 88, 107, 115, 123, 133, 143, 151, 167, 187, 216, 217, 220, 227, 258, 259, 262, 269, 297, 298, 301, 309], "summary": {"covered_lines": 37, "num_statements": 37, "percent_covered": 100.0, "percent_covered_display": "100", "missing_lines": 0, "excluded_lines": 0, "percent_statements_covered": 100.0, "percent_statements_covered_display": "100", "num_branches": 0, "num_partial_branches": 0, "covered_branches": 0, "missing_branches": 0, "percent_branches_covered": 100.0, "percent_branches_covered_display": "100"}, "missing_lines": [], "excluded_lines": [], "start_line": 1, "executed_branches": [], "missing_branches": []}}, "classes": {"AcademicDocumentRepository": {"executed_lines": [36, 39, 40, 67, 68, 73, 76, 77, 80, 83, 86, 91, 98, 99, 100, 101, 104, 105, 108, 113, 116, 121, 126, 131, 136, 141, 144, 149, 152, 153, 158, 159, 160, 161, 162, 165, 170, 171, 175, 176, 181, 182, 185, 190, 191, 197, 198, 199, 203, 204, 207], "summary": {"covered_lines": 51, "num_statements": 51, "percent_covered": 100.0, "percent_covered_display": "100", "missing_lines": 0, "excluded_lines": 0, "percent_statements_covered": 100.0, "percent_statements_covered_display": "100", "num_branches": 16, "num_partial_branches": 0, "covered_branches": 16, "missing_branches": 0, "percent_branches_covered": 100.0, "percent_branches_covered_display": "100"}, "missing_lines": [], "excluded_lines": [], "start_line": 34, "executed_branches": [[76, 77], [76, 80], [98, 99], [98, 100], [158, 159], [158, 165], [160, 161], [160, 162], [170, 171], [170, 175], [181, 182], [181, 185], [197, 198], [197, 207], [199, 203], [199, 204]], "missing_branches": []}, "AuthorizationRepository": {"executed_lines": [218, 221, 225, 228, 229, 230, 231, 238, 239, 255], "summary": {"covered_lines": 10, "num_statements": 12, "percent_covered": 85.71428571428571, "percent_covered_display": "86", "missing_lines": 2, "excluded_lines": 0, "percent_statements_covered": 83.33333333333333, "percent_statements_covered_display": "83", "num_branches": 2, "num_partial_branches": 0, "covered_branches": 2, "missing_branches": 0, "percent_branches_covered": 100.0, "percent_branches_covered_display": "100"}, "missing_lines": [251, 252], "excluded_lines": [], "start_line": 216, "executed_branches": [[229, 230], [229, 231]], "missing_branches": []}, "ReviewDecisionRepository": {"executed_lines": [260, 263, 267, 270, 271, 272, 273, 281, 294], "summary": {"covered_lines": 9, "num_statements": 9, "percent_covered": 100.0, "percent_covered_display": "100", "missing_lines": 0, "excluded_lines": 0, "percent_statements_covered": 100.0, "percent_statements_covered_display": "100", "num_branches": 2, "num_partial_branches": 0, "covered_branches": 2, "missing_branches": 0, "percent_branches_covered": 100.0, "percent_branches_covered_display": "100"}, "missing_lines": [], "excluded_lines": [], "start_line": 258, "executed_branches": [[271, 272], [271, 273]], "missing_branches": []}, "AcademicArtifactRepository": {"executed_lines": [299, 302, 305, 306, 307, 310, 314], "summary": {"covered_lines": 7, "num_statements": 7, "percent_covered": 100.0, "percent_covered_display": "100", "missing_lines": 0, "excluded_lines": 0, "percent_statements_covered": 100.0, "percent_statements_covered_display": "100", "num_branches": 2, "num_partial_branches": 0, "covered_branches": 2, "missing_branches": 0, "percent_branches_covered": 100.0, "percent_branches_covered_display": "100"}, "missing_lines": [], "excluded_lines": [], "start_line": 297, "executed_branches": [[305, 306], [305, 307]], "missing_branches": []}, "": {"executed_lines": [1, 3, 4, 6, 13, 14, 15, 16, 19, 20, 21, 22, 23, 26, 27, 30, 31, 34, 35, 38, 72, 82, 88, 107, 115, 123, 133, 143, 151, 167, 187, 216, 217, 220, 227, 258, 259, 262, 269, 297, 298, 301, 309], "summary": {"covered_lines": 43, "num_statements": 43, "percent_covered": 100.0, "percent_covered_display": "100", "missing_lines": 0, "excluded_lines": 0, "percent_statements_covered": 100.0, "percent_statements_covered_display": "100", "num_branches": 0, "num_partial_branches": 0, "covered_branches": 0, "missing_branches": 0, "percent_branches_covered": 100.0, "percent_branches_covered_display": "100"}, "missing_lines": [], "excluded_lines": [], "start_line": 1, "executed_branches": [], "missing_branches": []}}}, "src\\ebook_pipeline\\academic\\service.py": {"executed_lines": [1, 3, 4, 6, 17, 18, 19, 25, 33, 34, 41, 42, 43, 52, 53, 54, 55, 56, 63, 64, 65, 68, 69, 70, 71, 72, 73, 74, 76, 77, 78, 79, 80, 89, 90, 91, 93, 94, 95, 96, 97, 98, 99, 103, 104, 105, 106, 110, 111, 112, 115, 116, 117, 124, 125, 126, 129, 140, 147, 148, 149, 150, 151, 152, 155, 156, 157, 162, 165, 166, 167, 168, 169, 174, 175, 177, 178, 179, 180, 183, 184, 188, 191, 201, 202, 203, 205, 206, 207, 208, 211, 212, 215, 216, 221, 222, 227, 228, 230, 231, 232, 233, 234, 235, 236, 239, 240, 241, 245, 252, 263, 264, 265, 267, 268, 270, 273, 274, 275, 276, 277, 278, 285, 286, 287, 288, 290, 292, 293, 294, 295, 296, 299, 300, 301, 302, 309, 312, 313, 318, 319, 320, 323, 328, 329, 330, 331, 336, 344, 345, 346, 355, 356, 359, 360, 361, 363, 364, 365, 366, 367, 368, 369, 370, 371, 372, 373, 374, 375, 376, 377, 378, 384, 410, 411, 412, 413, 414, 415, 416, 420, 425, 434, 435, 436, 439, 443, 452, 455, 456, 467, 469, 472, 473, 474, 475, 476, 477, 478, 479, 485, 486, 487, 488, 491, 492, 496, 500, 501, 504, 505, 506, 510, 519, 523, 524, 525, 527, 528, 529, 530, 533, 537, 548, 549, 550, 551, 552, 553, 557, 569, 570, 571, 572, 573, 582, 585, 586, 587, 588, 589, 590, 591, 592, 595, 596, 600, 605, 608, 609, 610, 611, 621, 628, 629, 630, 637, 638, 639, 641, 648, 649, 650, 657, 658, 659, 660, 661, 663, 672, 673, 674, 675, 676, 681, 682, 686, 687, 690, 693, 696, 701, 712, 713, 714, 719, 720, 723, 724, 729, 730, 732, 741, 756, 765, 776, 787, 788, 789, 790, 791, 796, 799, 800, 805, 816, 817, 818, 823, 824, 825, 826, 827, 828, 831, 832, 834, 847, 848, 849, 850, 851, 852, 853, 854, 859, 860, 864, 866, 867, 868, 869, 875, 880, 881, 890, 909, 910, 911, 912, 913, 914, 915, 917, 918, 919, 920, 921, 929, 931, 932, 933, 935, 945, 946, 947, 948, 949, 957, 958, 959, 960, 961, 962, 963, 965, 974, 975, 976, 977, 985, 986, 987, 988, 989, 990, 991, 993, 1005, 1006, 1007, 1008, 1009, 1017, 1025, 1026, 1027, 1028, 1029, 1030, 1031, 1033, 1044, 1045, 1046, 1047, 1048, 1056, 1057, 1058, 1059, 1067, 1068, 1069, 1070, 1071, 1073, 1076, 1077, 1078, 1080, 1081, 1089, 1090, 1091, 1096, 1097, 1099, 1102, 1103, 1104, 1105, 1106, 1108, 1109, 1111, 1112, 1120, 1134, 1135, 1136, 1142, 1143, 1144, 1145, 1147, 1148, 1149, 1150, 1152, 1153, 1154, 1156, 1157, 1161, 1169, 1170, 1171, 1172, 1174, 1175, 1179, 1180, 1188, 1202, 1203, 1206, 1211, 1212, 1214, 1217, 1221, 1222, 1223, 1224, 1228, 1230, 1233, 1234, 1235, 1237, 1238, 1239, 1240, 1242, 1245, 1246, 1250, 1251, 1252, 1254, 1255, 1256, 1257, 1258], "summary": {"covered_lines": 485, "num_statements": 525, "percent_covered": 90.26275115919628, "percent_covered_display": "90", "missing_lines": 40, "excluded_lines": 0, "percent_statements_covered": 92.38095238095238, "percent_statements_covered_display": "92", "num_branches": 122, "num_partial_branches": 19, "covered_branches": 99, "missing_branches": 23, "percent_branches_covered": 81.14754098360656, "percent_branches_covered_display": "81"}, "missing_lines": [130, 131, 132, 133, 138, 310, 311, 314, 324, 332, 333, 334, 424, 426, 433, 450, 451, 461, 497, 522, 567, 568, 574, 575, 601, 612, 613, 614, 718, 721, 722, 822, 922, 927, 928, 930, 1079, 1173, 1218, 1247], "excluded_lines": [], "executed_branches": [[89, 90], [89, 91], [98, 99], [98, 103], [103, 104], [103, 105], [105, 106], [105, 110], [111, 112], [111, 115], [129, 140], [183, 184], [183, 188], [201, 202], [201, 203], [211, 212], [211, 215], [221, 222], [221, 227], [235, 236], [235, 239], [240, 241], [240, 245], [263, 264], [263, 265], [276, 277], [276, 278], [285, 286], [285, 287], [299, 300], [299, 302], [309, 312], [313, 318], [323, 328], [355, 356], [355, 359], [372, 373], [372, 378], [374, 375], [374, 377], [375, 374], [375, 376], [415, 416], [415, 452], [416, 415], [416, 420], [420, 425], [425, 434], [439, 416], [439, 443], [456, 467], [472, 473], [472, 474], [474, 475], [474, 476], [478, 479], [478, 485], [487, 488], [487, 491], [496, 500], [504, 505], [504, 523], [506, 510], [523, 524], [523, 527], [530, 533], [530, 537], [571, 572], [571, 573], [600, 605], [610, 611], [686, 687], [686, 690], [713, 714], [817, 818], [849, 850], [849, 866], [851, 852], [851, 853], [853, 854], [853, 859], [859, 860], [859, 864], [867, 868], [867, 880], [869, 875], [869, 880], [921, 929], [929, 931], [1078, 1080], [1171, 1172], [1171, 1175], [1172, 1174], [1217, 1221], [1223, 1224], [1223, 1228], [1246, 1250], [1256, 1257], [1256, 1258]], "missing_branches": [[129, 130], [130, 131], [130, 132], [132, 133], [132, 138], [309, 310], [313, 314], [323, 324], [420, 424], [425, 426], [456, 461], [496, 497], [506, 522], [600, 601], [610, 612], [713, 718], [817, 822], [921, 922], [929, 930], [1078, 1079], [1172, 1173], [1217, 1218], [1246, 1247]], "functions": {"AcademicService.__init__": {"executed_lines": [70, 71, 72, 73, 74], "summary": {"covered_lines": 5, "num_statements": 5, "percent_covered": 100.0, "percent_covered_display": "100", "missing_lines": 0, "excluded_lines": 0, "percent_statements_covered": 100.0, "percent_statements_covered_display": "100", "num_branches": 0, "num_partial_branches": 0, "covered_branches": 0, "missing_branches": 0, "percent_branches_covered": 100.0, "percent_branches_covered_display": "100"}, "missing_lines": [], "excluded_lines": [], "start_line": 69, "executed_branches": [], "missing_branches": []}, "AcademicService.import_questionnaire": {"executed_lines": [77, 78, 79, 80, 89, 90, 91], "summary": {"covered_lines": 7, "num_statements": 7, "percent_covered": 100.0, "percent_covered_display": "100", "missing_lines": 0, "excluded_lines": 0, "percent_statements_covered": 100.0, "percent_statements_covered_display": "100", "num_branches": 2, "num_partial_branches": 0, "covered_branches": 2, "missing_branches": 0, "percent_branches_covered": 100.0, "percent_branches_covered_display": "100"}, "missing_lines": [], "excluded_lines": [], "start_line": 76, "executed_branches": [[89, 90], [89, 91]], "missing_branches": []}, "AcademicService.confirm_questionnaire": {"executed_lines": [94, 95, 96, 97, 98, 99, 103, 104, 105, 106, 110, 111, 112, 115, 116, 117, 124, 125, 126, 129, 140, 147, 148, 149, 150, 151, 152, 155, 156, 157, 162, 165, 166, 167, 168, 169, 174, 175], "summary": {"covered_lines": 38, "num_statements": 43, "percent_covered": 82.45614035087719, "percent_covered_display": "82", "missing_lines": 5, "excluded_lines": 0, "percent_statements_covered": 88.37209302325581, "percent_statements_covered_display": "88", "num_branches": 14, "num_partial_branches": 1, "covered_branches": 9, "missing_branches": 5, "percent_branches_covered": 64.28571428571429, "percent_branches_covered_display": "64"}, "missing_lines": [130, 131, 132, 133, 138], "excluded_lines": [], "start_line": 93, "executed_branches": [[98, 99], [98, 103], [103, 104], [103, 105], [105, 106], [105, 110], [111, 112], [111, 115], [129, 140]], "missing_branches": [[129, 130], [130, 131], [130, 132], [132, 133], [132, 138]]}, "AcademicService.import_answers": {"executed_lines": [178, 179, 180, 183, 184, 188, 191, 201, 202, 203], "summary": {"covered_lines": 10, "num_statements": 10, "percent_covered": 100.0, "percent_covered_display": "100", "missing_lines": 0, "excluded_lines": 0, "percent_statements_covered": 100.0, "percent_statements_covered_display": "100", "num_branches": 4, "num_partial_branches": 0, "covered_branches": 4, "missing_branches": 0, "percent_branches_covered": 100.0, "percent_branches_covered_display": "100"}, "missing_lines": [], "excluded_lines": [], "start_line": 177, "executed_branches": [[183, 184], [183, 188], [201, 202], [201, 203]], "missing_branches": []}, "AcademicService.authorize_plan": {"executed_lines": [206, 207, 208, 211, 212, 215, 216, 221, 222, 227, 228], "summary": {"covered_lines": 11, "num_statements": 11, "percent_covered": 100.0, "percent_covered_display": "100", "missing_lines": 0, "excluded_lines": 0, "percent_statements_covered": 100.0, "percent_statements_covered_display": "100", "num_branches": 4, "num_partial_branches": 0, "covered_branches": 4, "missing_branches": 0, "percent_branches_covered": 100.0, "percent_branches_covered_display": "100"}, "missing_lines": [], "excluded_lines": [], "start_line": 205, "executed_branches": [[211, 212], [211, 215], [221, 222], [221, 227]], "missing_branches": []}, "AcademicService.import_plan": {"executed_lines": [231, 232, 233, 234, 235, 236, 239, 240, 241, 245, 252, 263, 264, 265], "summary": {"covered_lines": 14, "num_statements": 14, "percent_covered": 100.0, "percent_covered_display": "100", "missing_lines": 0, "excluded_lines": 0, "percent_statements_covered": 100.0, "percent_statements_covered_display": "100", "num_branches": 6, "num_partial_branches": 0, "covered_branches": 6, "missing_branches": 0, "percent_branches_covered": 100.0, "percent_branches_covered_display": "100"}, "missing_lines": [], "excluded_lines": [], "start_line": 230, "executed_branches": [[235, 236], [235, 239], [240, 241], [240, 245], [263, 264], [263, 265]], "missing_branches": []}, "AcademicService.get_current_answers": {"executed_lines": [268], "summary": {"covered_lines": 1, "num_statements": 1, "percent_covered": 100.0, "percent_covered_display": "100", "missing_lines": 0, "excluded_lines": 0, "percent_statements_covered": 100.0, "percent_statements_covered_display": "100", "num_branches": 0, "num_partial_branches": 0, "covered_branches": 0, "missing_branches": 0, "percent_branches_covered": 100.0, "percent_branches_covered_display": "100"}, "missing_lines": [], "excluded_lines": [], "start_line": 267, "executed_branches": [], "missing_branches": []}, "AcademicService.get_current_compatible_academic_plan": {"executed_lines": [273, 274, 275, 276, 277, 278, 285, 286, 287, 288], "summary": {"covered_lines": 10, "num_statements": 10, "percent_covered": 100.0, "percent_covered_display": "100", "missing_lines": 0, "excluded_lines": 0, "percent_statements_covered": 100.0, "percent_statements_covered_display": "100", "num_branches": 4, "num_partial_branches": 0, "covered_branches": 4, "missing_branches": 0, "percent_branches_covered": 100.0, "percent_branches_covered_display": "100"}, "missing_lines": [], "excluded_lines": [], "start_line": 270, "executed_branches": [[276, 277], [276, 278], [285, 286], [285, 287]], "missing_branches": []}, "AcademicService.get_current_writing_inputs": {"executed_lines": [292, 293, 294, 295, 296, 299, 300, 301, 302, 309, 312, 313, 318, 319, 320, 323, 328, 329, 330, 331], "summary": {"covered_lines": 20, "num_statements": 27, "percent_covered": 71.42857142857143, "percent_covered_display": "71", "missing_lines": 7, "excluded_lines": 0, "percent_statements_covered": 74.07407407407408, "percent_statements_covered_display": "74", "num_branches": 8, "num_partial_branches": 3, "covered_branches": 5, "missing_branches": 3, "percent_branches_covered": 62.5, "percent_branches_covered_display": "62"}, "missing_lines": [310, 311, 314, 324, 332, 333, 334], "excluded_lines": [], "start_line": 290, "executed_branches": [[299, 300], [299, 302], [309, 312], [313, 318], [323, 328]], "missing_branches": [[309, 310], [313, 314], [323, 324]]}, "AcademicService.document": {"executed_lines": [344, 345, 346, 355, 356, 359, 360, 361], "summary": {"covered_lines": 8, "num_statements": 8, "percent_covered": 100.0, "percent_covered_display": "100", "missing_lines": 0, "excluded_lines": 0, "percent_statements_covered": 100.0, "percent_statements_covered_display": "100", "num_branches": 2, "num_partial_branches": 0, "covered_branches": 2, "missing_branches": 0, "percent_branches_covered": 100.0, "percent_branches_covered_display": "100"}, "missing_lines": [], "excluded_lines": [], "start_line": 336, "executed_branches": [[355, 356], [355, 359]], "missing_branches": []}, "AcademicService.status": {"executed_lines": [364, 365, 366, 367, 368, 369, 370, 371, 372, 373, 374, 375, 376, 377, 378, 384], "summary": {"covered_lines": 16, "num_statements": 16, "percent_covered": 100.0, "percent_covered_display": "100", "missing_lines": 0, "excluded_lines": 0, "percent_statements_covered": 100.0, "percent_statements_covered_display": "100", "num_branches": 6, "num_partial_branches": 0, "covered_branches": 6, "missing_branches": 0, "percent_branches_covered": 100.0, "percent_branches_covered_display": "100"}, "missing_lines": [], "excluded_lines": [], "start_line": 363, "executed_branches": [[372, 373], [372, 378], [374, 375], [374, 377], [375, 374], [375, 376]], "missing_branches": []}, "AcademicService.validate": {"executed_lines": [411, 412, 413, 414, 415, 416, 420, 425, 434, 435, 436, 439, 443, 452, 455, 456, 467], "summary": {"covered_lines": 17, "num_statements": 23, "percent_covered": 74.28571428571429, "percent_covered_display": "74", "missing_lines": 6, "excluded_lines": 0, "percent_statements_covered": 73.91304347826087, "percent_statements_covered_display": "74", "num_branches": 12, "num_partial_branches": 3, "covered_branches": 9, "missing_branches": 3, "percent_branches_covered": 75.0, "percent_branches_covered_display": "75"}, "missing_lines": [424, 426, 433, 450, 451, 461], "excluded_lines": [], "start_line": 410, "executed_branches": [[415, 416], [415, 452], [416, 415], [416, 420], [420, 425], [425, 434], [439, 416], [439, 443], [456, 467]], "missing_branches": [[420, 424], [425, 426], [456, 461]]}, "AcademicService.recover_run": {"executed_lines": [472, 473, 474, 475, 476, 477, 478, 479, 485, 486, 487, 488, 491, 492, 496, 500, 501, 504, 505, 506, 510, 519, 523, 524, 525, 527, 528, 529, 530, 533, 537, 548, 549, 550, 551, 552, 553, 557, 569, 570, 571, 572, 573], "summary": {"covered_lines": 43, "num_statements": 49, "percent_covered": 88.40579710144928, "percent_covered_display": "88", "missing_lines": 6, "excluded_lines": 0, "percent_statements_covered": 87.75510204081633, "percent_statements_covered_display": "88", "num_branches": 20, "num_partial_branches": 2, "covered_branches": 18, "missing_branches": 2, "percent_branches_covered": 90.0, "percent_branches_covered_display": "90"}, "missing_lines": [497, 522, 567, 568, 574, 575], "excluded_lines": [], "start_line": 469, "executed_branches": [[472, 473], [472, 474], [474, 475], [474, 476], [478, 479], [478, 485], [487, 488], [487, 491], [496, 500], [504, 505], [504, 523], [506, 510], [523, 524], [523, 527], [530, 533], [530, 537], [571, 572], [571, 573]], "missing_branches": [[496, 497], [506, 522]]}, "AcademicService._recover_confirmation": {"executed_lines": [585, 586, 587, 588, 589, 590, 591, 592, 595, 596, 600, 605, 608, 609, 610, 611], "summary": {"covered_lines": 16, "num_statements": 20, "percent_covered": 75.0, "percent_covered_display": "75", "missing_lines": 4, "excluded_lines": 0, "percent_statements_covered": 80.0, "percent_statements_covered_display": "80", "num_branches": 4, "num_partial_branches": 2, "covered_branches": 2, "missing_branches": 2, "percent_branches_covered": 50.0, "percent_branches_covered_display": "50"}, "missing_lines": [601, 612, 613, 614], "excluded_lines": [], "start_line": 582, "executed_branches": [[600, 605], [610, 611]], "missing_branches": [[600, 601], [610, 612]]}, "AcademicService._recovery_pending": {"executed_lines": [628, 629, 630, 637, 638, 639], "summary": {"covered_lines": 6, "num_statements": 6, "percent_covered": 100.0, "percent_covered_display": "100", "missing_lines": 0, "excluded_lines": 0, "percent_statements_covered": 100.0, "percent_statements_covered_display": "100", "num_branches": 0, "num_partial_branches": 0, "covered_branches": 0, "missing_branches": 0, "percent_branches_covered": 100.0, "percent_branches_covered_display": "100"}, "missing_lines": [], "excluded_lines": [], "start_line": 621, "executed_branches": [], "missing_branches": []}, "AcademicService._recovery_blocked": {"executed_lines": [648, 649, 650, 657, 658, 659, 660, 661], "summary": {"covered_lines": 8, "num_statements": 8, "percent_covered": 100.0, "percent_covered_display": "100", "missing_lines": 0, "excluded_lines": 0, "percent_statements_covered": 100.0, "percent_statements_covered_display": "100", "num_branches": 0, "num_partial_branches": 0, "covered_branches": 0, "missing_branches": 0, "percent_branches_covered": 100.0, "percent_branches_covered_display": "100"}, "missing_lines": [], "excluded_lines": [], "start_line": 641, "executed_branches": [], "missing_branches": []}, "AcademicService._materialize_questionnaire": {"executed_lines": [672, 673, 674, 675, 676, 681, 682, 686, 687, 690, 693, 696, 701, 712, 713, 714, 719, 720, 723, 724, 729, 730], "summary": {"covered_lines": 22, "num_statements": 25, "percent_covered": 86.20689655172414, "percent_covered_display": "86", "missing_lines": 3, "excluded_lines": 0, "percent_statements_covered": 88.0, "percent_statements_covered_display": "88", "num_branches": 4, "num_partial_branches": 1, "covered_branches": 3, "missing_branches": 1, "percent_branches_covered": 75.0, "percent_branches_covered_display": "75"}, "missing_lines": [718, 721, 722], "excluded_lines": [], "start_line": 663, "executed_branches": [[686, 687], [686, 690], [713, 714]], "missing_branches": [[713, 718]]}, "AcademicService._materialize_answers": {"executed_lines": [741], "summary": {"covered_lines": 1, "num_statements": 1, "percent_covered": 100.0, "percent_covered_display": "100", "missing_lines": 0, "excluded_lines": 0, "percent_statements_covered": 100.0, "percent_statements_covered_display": "100", "num_branches": 0, "num_partial_branches": 0, "covered_branches": 0, "missing_branches": 0, "percent_branches_covered": 100.0, "percent_branches_covered_display": "100"}, "missing_lines": [], "excluded_lines": [], "start_line": 732, "executed_branches": [], "missing_branches": []}, "AcademicService._materialize_plan": {"executed_lines": [765], "summary": {"covered_lines": 1, "num_statements": 1, "percent_covered": 100.0, "percent_covered_display": "100", "missing_lines": 0, "excluded_lines": 0, "percent_statements_covered": 100.0, "percent_statements_covered_display": "100", "num_branches": 0, "num_partial_branches": 0, "covered_branches": 0, "missing_branches": 0, "percent_branches_covered": 100.0, "percent_branches_covered_display": "100"}, "missing_lines": [], "excluded_lines": [], "start_line": 756, "executed_branches": [], "missing_branches": []}, "AcademicService._materialize_content": {"executed_lines": [787, 788, 789, 790, 791, 796, 799, 800, 805, 816, 817, 818, 823, 824, 825, 826, 827, 828, 831, 832], "summary": {"covered_lines": 20, "num_statements": 21, "percent_covered": 91.30434782608695, "percent_covered_display": "91", "missing_lines": 1, "excluded_lines": 0, "percent_statements_covered": 95.23809523809524, "percent_statements_covered_display": "95", "num_branches": 2, "num_partial_branches": 1, "covered_branches": 1, "missing_branches": 1, "percent_branches_covered": 50.0, "percent_branches_covered_display": "50"}, "missing_lines": [822], "excluded_lines": [], "start_line": 776, "executed_branches": [[817, 818]], "missing_branches": [[817, 822]]}, "AcademicService._begin_import": {"executed_lines": [847, 848, 849, 850, 851, 852, 853, 854, 859, 860, 864, 866, 867, 868, 869, 875, 880, 881, 890, 909, 910, 911, 912, 913, 914, 915], "summary": {"covered_lines": 26, "num_statements": 26, "percent_covered": 100.0, "percent_covered_display": "100", "missing_lines": 0, "excluded_lines": 0, "percent_statements_covered": 100.0, "percent_statements_covered_display": "100", "num_branches": 12, "num_partial_branches": 0, "covered_branches": 12, "missing_branches": 0, "percent_branches_covered": 100.0, "percent_branches_covered_display": "100"}, "missing_lines": [], "excluded_lines": [], "start_line": 834, "executed_branches": [[849, 850], [849, 866], [851, 852], [851, 853], [853, 854], [853, 859], [859, 860], [859, 864], [867, 868], [867, 880], [869, 875], [869, 880]], "missing_branches": []}, "AcademicService._resume_run": {"executed_lines": [918, 919, 920, 921, 929, 931, 932, 933], "summary": {"covered_lines": 8, "num_statements": 12, "percent_covered": 62.5, "percent_covered_display": "62", "missing_lines": 4, "excluded_lines": 0, "percent_statements_covered": 66.66666666666667, "percent_statements_covered_display": "67", "num_branches": 4, "num_partial_branches": 2, "covered_branches": 2, "missing_branches": 2, "percent_branches_covered": 50.0, "percent_branches_covered_display": "50"}, "missing_lines": [922, 927, 928, 930], "excluded_lines": [], "start_line": 917, "executed_branches": [[921, 929], [929, 931]], "missing_branches": [[921, 922], [929, 930]]}, "AcademicService._finish_review_required": {"executed_lines": [945, 946, 947, 948, 949, 957, 958, 959, 960, 961, 962, 963], "summary": {"covered_lines": 12, "num_statements": 12, "percent_covered": 100.0, "percent_covered_display": "100", "missing_lines": 0, "excluded_lines": 0, "percent_statements_covered": 100.0, "percent_statements_covered_display": "100", "num_branches": 0, "num_partial_branches": 0, "covered_branches": 0, "missing_branches": 0, "percent_branches_covered": 100.0, "percent_branches_covered_display": "100"}, "missing_lines": [], "excluded_lines": [], "start_line": 935, "executed_branches": [], "missing_branches": []}, "AcademicService._finalize_confirmation": {"executed_lines": [974, 975, 976, 977, 985, 986, 987, 988, 989, 990, 991], "summary": {"covered_lines": 11, "num_statements": 11, "percent_covered": 100.0, "percent_covered_display": "100", "missing_lines": 0, "excluded_lines": 0, "percent_statements_covered": 100.0, "percent_statements_covered_display": "100", "num_branches": 0, "num_partial_branches": 0, "covered_branches": 0, "missing_branches": 0, "percent_branches_covered": 100.0, "percent_branches_covered_display": "100"}, "missing_lines": [], "excluded_lines": [], "start_line": 965, "executed_branches": [], "missing_branches": []}, "AcademicService._finish_accepted": {"executed_lines": [1005, 1006, 1007, 1008, 1009, 1017, 1025, 1026, 1027, 1028, 1029, 1030, 1031], "summary": {"covered_lines": 13, "num_statements": 13, "percent_covered": 100.0, "percent_covered_display": "100", "missing_lines": 0, "excluded_lines": 0, "percent_statements_covered": 100.0, "percent_statements_covered_display": "100", "num_branches": 0, "num_partial_branches": 0, "covered_branches": 0, "missing_branches": 0, "percent_branches_covered": 100.0, "percent_branches_covered_display": "100"}, "missing_lines": [], "excluded_lines": [], "start_line": 993, "executed_branches": [], "missing_branches": []}, "AcademicService._finish_rejected": {"executed_lines": [1044, 1045, 1046, 1047, 1048, 1056, 1057, 1058, 1059, 1067, 1068, 1069, 1070, 1071], "summary": {"covered_lines": 14, "num_statements": 14, "percent_covered": 100.0, "percent_covered_display": "100", "missing_lines": 0, "excluded_lines": 0, "percent_statements_covered": 100.0, "percent_statements_covered_display": "100", "num_branches": 0, "num_partial_branches": 0, "covered_branches": 0, "missing_branches": 0, "percent_branches_covered": 100.0, "percent_branches_covered_display": "100"}, "missing_lines": [], "excluded_lines": [], "start_line": 1033, "executed_branches": [], "missing_branches": []}, "AcademicService._record_operational_failure": {"executed_lines": [1076, 1077, 1078, 1080, 1081, 1089, 1090, 1091, 1096, 1097], "summary": {"covered_lines": 10, "num_statements": 11, "percent_covered": 84.61538461538461, "percent_covered_display": "85", "missing_lines": 1, "excluded_lines": 0, "percent_statements_covered": 90.9090909090909, "percent_statements_covered_display": "91", "num_branches": 2, "num_partial_branches": 1, "covered_branches": 1, "missing_branches": 1, "percent_branches_covered": 50.0, "percent_branches_covered_display": "50"}, "missing_lines": [1079], "excluded_lines": [], "start_line": 1073, "executed_branches": [[1078, 1080]], "missing_branches": [[1078, 1079]]}, "AcademicService._context": {"executed_lines": [1102, 1103, 1104, 1105, 1106], "summary": {"covered_lines": 5, "num_statements": 5, "percent_covered": 100.0, "percent_covered_display": "100", "missing_lines": 0, "excluded_lines": 0, "percent_statements_covered": 100.0, "percent_statements_covered_display": "100", "num_branches": 0, "num_partial_branches": 0, "covered_branches": 0, "missing_branches": 0, "percent_branches_covered": 100.0, "percent_branches_covered_display": "100"}, "missing_lines": [], "excluded_lines": [], "start_line": 1099, "executed_branches": [], "missing_branches": []}, "AcademicService._project": {"executed_lines": [1109], "summary": {"covered_lines": 1, "num_statements": 1, "percent_covered": 100.0, "percent_covered_display": "100", "missing_lines": 0, "excluded_lines": 0, "percent_statements_covered": 100.0, "percent_statements_covered_display": "100", "num_branches": 0, "num_partial_branches": 0, "covered_branches": 0, "missing_branches": 0, "percent_branches_covered": 100.0, "percent_branches_covered_display": "100"}, "missing_lines": [], "excluded_lines": [], "start_line": 1108, "executed_branches": [], "missing_branches": []}, "AcademicService._input_hash": {"executed_lines": [1120], "summary": {"covered_lines": 1, "num_statements": 1, "percent_covered": 100.0, "percent_covered_display": "100", "missing_lines": 0, "excluded_lines": 0, "percent_statements_covered": 100.0, "percent_statements_covered_display": "100", "num_branches": 0, "num_partial_branches": 0, "covered_branches": 0, "missing_branches": 0, "percent_branches_covered": 100.0, "percent_branches_covered_display": "100"}, "missing_lines": [], "excluded_lines": [], "start_line": 1112, "executed_branches": [], "missing_branches": []}, "AcademicService._directory": {"executed_lines": [1136], "summary": {"covered_lines": 1, "num_statements": 1, "percent_covered": 
[...]
4, 195, 196, 197, 198, 199, 200, 201, 208, 215, 218, 219, 226, 233, 234, 241, 248, 249, 256, 261, 268, 269, 272, 282, 283, 284, 291, 300], "summary": {"covered_lines": 28, "num_statements": 34, "percent_covered": 82.0, "percent_covered_display": "82", "missing_lines": 6, "excluded_lines": 0, "percent_statements_covered": 82.3529411764706, "percent_statements_covered_display": "82", "num_branches": 16, "num_partial_branches": 3, "covered_branches": 13, "missing_branches": 3, "percent_branches_covered": 81.25, "percent_branches_covered_display": "81"}, "missing_lines": [257, 276, 280, 281, 298, 299], "excluded_lines": [], "start_line": 193, "executed_branches": [[198, 199], [198, 282], [215, 218], [215, 233], [233, 198], [233, 234], [248, 249], [256, 261], [269, 233], [269, 272], [272, 269], [282, 283], [282, 300]], "missing_branches": [[248, 233], [256, 257], [272, 276]]}, "WritingService._check_artifact": {"executed_lines": [310, 312, 313], "summary": {"covered_lines": 3, "num_statements": 6, "percent_covered": 50.0, "percent_covered_display": "50", "missing_lines": 3, "excluded_lines": 0, "percent_statements_covered": 50.0, "percent_statements_covered_display": "50", "num_branches": 2, "num_partial_branches": 1, "covered_branches": 1, "missing_branches": 1, "percent_branches_covered": 50.0, "percent_branches_covered_display": "50"}, "missing_lines": [311, 316, 317], "excluded_lines": [], "start_line": 302, "executed_branches": [[310, 312]], "missing_branches": [[310, 311]]}, "WritingService._consolidations": {"executed_lines": [321, 325, 326], "summary": {"covered_lines": 3, "num_statements": 3, "percent_covered": 100.0, "percent_covered_display": "100", "missing_lines": 0, "excluded_lines": 0, "percent_statements_covered": 100.0, "percent_statements_covered_display": "100", "num_branches": 0, "num_partial_branches": 0, "covered_branches": 0, "missing_branches": 0, "percent_branches_covered": 100.0, "percent_branches_covered_display": "100"}, "missing_lines": [], "excluded_lines": [], "start_line": 320, "executed_branches": [], "missing_branches": []}, "WritingService.context_payload": {"executed_lines": [], "summary": {"covered_lines": 0, "num_statements": 1, "percent_covered": 0.0, "percent_covered_display": "0", "missing_lines": 1, "excluded_lines": 0, "percent_statements_covered": 0.0, "percent_statements_covered_display": "0", "num_branches": 0, "num_partial_branches": 0, "covered_branches": 0, "missing_branches": 0, "percent_branches_covered": 100.0, "percent_branches_covered_display": "100"}, "missing_lines": [330], "excluded_lines": [], "start_line": 329, "executed_branches": [], "missing_branches": []}, "": {"executed_lines": [1, 3, 4, 6, 7, 8, 9, 10, 11, 12, 13, 14, 15, 25, 26, 27, 28, 36, 39, 40, 64, 67, 70, 75, 78, 83, 88, 91, 94, 97, 107, 121, 124, 129, 193, 302, 319, 320, 328, 329], "summary": {"covered_lines": 40, "num_statements": 40, "percent_covered": 100.0, "percent_covered_display": "100", "missing_lines": 0, "excluded_lines": 0, "percent_statements_covered": 100.0, "percent_statements_covered_display": "100", "num_branches": 0, "num_partial_branches": 0, "covered_branches": 0, "missing_branches": 0, "percent_branches_covered": 100.0, "percent_branches_covered_display": "100"}, "missing_lines": [], "excluded_lines": [], "start_line": 1, "executed_branches": [], "missing_branches": []}}, "classes": {"WritingService": {"executed_lines": [49, 50, 51, 52, 53, 54, 57, 60, 61, 62, 65, 73, 76, 81, 86, 89, 92, 95, 105, 108, 109, 110, 111, 112, 113, 122, 127, 130, 131, 134, 135, 136, 137, 138, 139, 140, 146, 148, 149, 150, 152, 194, 195, 196, 197, 198, 199, 200, 201, 208, 215, 218, 219, 226, 233, 234, 241, 248, 249, 256, 261, 268, 269, 272, 282, 283, 284, 291, 300, 310, 312, 313, 321, 325, 326], "summary": {"covered_lines": 75, "num_statements": 88, "percent_covered": 84.25925925925925, "percent_covered_display": "84", "missing_lines": 13, "excluded_lines": 0, "percent_statements_covered": 85.22727272727273, "percent_statements_covered_display": "85", "num_branches": 20, "num_partial_branches": 4, "covered_branches": 16, "missing_branches": 4, "percent_branches_covered": 80.0, "percent_branches_covered_display": "80"}, "missing_lines": [68, 132, 133, 257, 276, 280, 281, 298, 299, 311, 316, 317, 330], "excluded_lines": [], "start_line": 39, "executed_branches": [[136, 137], [136, 138], [198, 199], [198, 282], [215, 218], [215, 233], [233, 198], [233, 234], [248, 249], [256, 261], [269, 233], [269, 272], [272, 269], [282, 283], [282, 300], [310, 312]], "missing_branches": [[248, 233], [256, 257], [272, 276], [310, 311]]}, "": {"executed_lines": [1, 3, 4, 6, 7, 8, 9, 10, 11, 12, 13, 14, 15, 25, 26, 27, 28, 36, 39, 40, 64, 67, 70, 75, 78, 83, 88, 91, 94, 97, 107, 121, 124, 129, 193, 302, 319, 320, 328, 329], "summary": {"covered_lines": 40, "num_statements": 40, "percent_covered": 100.0, "percent_covered_display": "100", "missing_lines": 0, "excluded_lines": 0, "percent_statements_covered": 100.0, "percent_statements_covered_display": "100", "num_branches": 0, "num_partial_branches": 0, "covered_branches": 0, "missing_branches": 0, "percent_branches_covered": 100.0, "percent_branches_covered_display": "100"}, "missing_lines": [], "excluded_lines": [], "start_line": 1, "executed_branches": [], "missing_branches": []}}}, "src\\ebook_pipeline\\writing\\submissions.py": {"executed_lines": [1, 3, 5, 6, 7, 8, 9, 10, 11, 12, 13, 14, 15, 20, 21, 22, 23, 28, 31, 32, 41, 42, 43, 44, 45, 46, 48, 49, 50, 54, 55, 56, 57, 63, 64, 65, 66, 67, 68, 69, 70, 74, 75, 76, 79, 80, 81, 82, 83, 84, 87, 88, 89, 90, 95, 96, 106, 107, 108, 116, 124, 148, 149, 150, 151, 156, 157, 162, 163, 164, 165, 166, 171, 172, 177, 178, 179, 187, 195, 196, 197, 198, 199, 207, 215, 216, 217, 218, 219, 230, 231, 233, 234, 235, 236, 237, 238, 239, 240, 241, 242, 245, 246, 247, 248, 252, 256, 259, 260, 265, 272, 273, 274, 275, 277, 284, 285, 291, 292, 293, 294, 295, 300, 301, 306, 307, 308, 316, 324, 325, 333, 334, 336, 344, 345, 346, 347, 348, 355, 356, 359, 360, 365, 369, 370, 373, 378, 379], "summary": {"covered_lines": 148, "num_statements": 153, "percent_covered": 94.53551912568307, "percent_covered_display": "95", "missing_lines": 5, "excluded_lines": 0, "percent_statements_covered": 96.73202614379085, "percent_statements_covered_display": "97", "num_branches": 30, "num_partial_branches": 5, "covered_branches": 25, "missing_branches": 5, "percent_branches_covered": 83.33333333333333, "percent_branches_covered_display": "83"}, "missing_lines": [51, 253, 261, 276, 361], "excluded_lines": [], "executed_branches": [[50, 54], [69, 70], [69, 74], [75, 76], [75, 79], [81, 82], [81, 88], [83, 84], [83, 87], [165, 166], [165, 178], [198, 199], [198, 219], [241, 242], [241, 245], [245, 246], [245, 247], [247, 248], [247, 252], [252, 256], [260, 265], [275, 277], [355, 356], [355, 359], [360, 365]], "missing_branches": [[50, 51], [252, 253], [260, 261], [275, 276], [360, 361]], "functions": {"WritingSubmissionManager.__init__": {"executed_lines": [41, 42, 43, 44, 45, 46], "summary": {"covered_lines": 6, "num_statements": 6, "percent_covered": 100.0, "percent_covered_display": "100", "missing_lines": 0, "excluded_lines": 0, "percent_statements_covered": 100.0, "percent_statements_covered_display": "100", "num_branches": 0, "num_partial_branches": 0, "covered_branches": 0, "missing_branches": 0, "percent_branches_covered": 100.0, "percent_branches_covered_display": "100"}, "missing_lines": [], "excluded_lines": [], "start_line": 32, "executed_branches": [], "missing_branches": []}, "WritingSubmissionManager.import_unit": {"executed_lines": [49, 50, 54, 55, 56, 57, 63, 64, 65, 66, 67, 68, 69, 70, 74, 75, 76, 79, 80, 81, 82, 83, 84, 87, 88, 89, 90, 95, 96, 106, 107, 108, 116, 124, 148, 149, 150, 151, 156, 157, 162, 163, 164, 165, 166, 171, 172, 177, 178, 179, 187, 195, 196, 197, 198, 199, 207, 215, 216, 217, 218, 219, 230, 231], "summary": {"covered_lines": 64, "num_statements": 65, "percent_covered": 97.46835443037975, "percent_covered_display": "97", "missing_lines": 1, "excluded_lines": 0, "percent_statements_covered": 98.46153846153847, "percent_statements_covered_display": "98", "num_branches": 14, "num_partial_branches": 1, "covered_branches": 13, "missing_branches": 1, "percent_branches_covered": 92.85714285714286, "percent_branches_covered_display": "93"}, "missing_lines": [51], "excluded_lines": [], "start_line": 48, "executed_branches": [[50, 54], [69, 70], [69, 74], [75, 76], [75, 79], [81, 82], [81, 88], [83, 84], [83, 87], [165, 166], [165, 178], [198, 199], [198, 219]], "missing_branches": [[50, 51]]}, "WritingSubmissionManager.confirm": {"executed_lines": [234, 235, 236, 237, 238, 239, 240, 241, 242, 245, 246, 247, 248, 252, 256, 259, 260, 265, 272, 273, 274, 275, 277, 284, 285, 291, 292, 293, 294, 295, 300, 301, 306, 307, 308, 316, 324, 325, 333, 334], "summary": {"covered_lines": 40, "num_statements": 43, "percent_covered": 89.0909090909091, "percent_covered_display": "89", "missing_lines": 3, "excluded_lines": 0, "percent_statements_covered": 93.02325581395348, "percent_statements_covered_display": "93", "num_branches": 12, "num_partial_branches": 3, "covered_branches": 9, "missing_branches": 3, "percent_branches_covered": 75.0, "percent_branches_covered_display": "75"}, "missing_lines": [253, 261, 276], "excluded_lines": [], "start_line": 233, "executed_branches": [[241, 242], [241, 245], [245, 246], [245, 247], [247, 248], [247, 252], [252, 256], [260, 265], [275, 277]], "missing_branches": [[252, 253], [260, 261], [275, 276]]}, "WritingSubmissionManager.show": {"executed_lines": [344, 345, 346, 347, 348, 355, 356, 359, 360, 365], "summary": {"covered_lines": 10, "num_statements": 11, "percent_covered": 86.66666666666667, "percent_covered_display": "87", "missing_lines": 1, "excluded_lines": 0, "percent_statements_covered": 90.9090909090909, "percent_statements_covered_display": "91", "num_branches": 4, "num_partial_branches": 1, "covered_branches": 3, "missing_branches": 1, "percent_branches_covered": 75.0, "percent_branches_covered_display": "75"}, "missing_lines": [361], "excluded_lines": [], "start_line": 336, "executed_branches": [[355, 356], [355, 359], [360, 365]], "missing_branches": [[360, 361]]}, "WritingSubmissionManager._next_accepted_version": {"executed_lines": [373, 378, 379], "summary": {"covered_lines": 3, "num_statements": 3, "percent_covered": 100.0, "percent_covered_display": "100", "missing_lines": 0, "excluded_lines": 0, "percent_statements_covered": 100.0, "percent_statements_covered_display": "100", "num_branches": 0, "num_partial_branches": 0, "covered_branches": 0, "missing_branches": 0, "percent_branches_covered": 100.0, "percent_branches_covered_display": "100"}, "missing_lines": [], "excluded_lines": [], "start_line": 370, "executed_branches": [], "missing_branches": []}, "": {"executed_lines": [1, 3, 5, 6, 7, 8, 9, 10, 11, 12, 13, 14, 15, 20, 21, 22, 23, 28, 31, 32, 48, 233, 336, 369, 370], "summary": {"covered_lines": 25, "num_statements": 25, "percent_covered": 100.0, "percent_covered_display": "100", "missing_lines": 0, "excluded_lines": 0, "percent_statements_covered": 100.0, "percent_statements_covered_display": "100", "num_branches": 0, "num_partial_branches": 0, "covered_branches": 0, "missing_branches": 0, "percent_branches_covered": 100.0, "percent_branches_covered_display": "100"}, "missing_lines": [], "excluded_lines": [], "start_line": 1, "executed_branches": [], "missing_branches": []}}, "classes": {"WritingSubmissionManager": {"executed_lines": [41, 42, 43, 44, 45, 46, 49, 50, 54, 55, 56, 57, 63, 64, 65, 66, 67, 68, 69, 70, 74, 75, 76, 79, 80, 81, 82, 83, 84, 87, 88, 89, 90, 95, 96, 106, 107, 108, 116, 124, 148, 149, 150, 151, 156, 157, 162, 163, 164, 165, 166, 171, 172, 177, 178, 179, 187, 195, 196, 197, 198, 199, 207, 215, 216, 217, 218, 219, 230, 231, 234, 235, 236, 237, 238, 239, 240, 241, 242, 245, 246, 247, 248, 252, 256, 259, 260, 265, 272, 273, 274, 275, 277, 284, 285, 291, 292, 293, 294, 295, 300, 301, 306, 307, 308, 316, 324, 325, 333, 334, 344, 345, 346, 347, 348, 355, 356, 359, 360, 365, 373, 378, 379], "summary": {"covered_lines": 123, "num_statements": 128, "percent_covered": 93.67088607594937, "percent_covered_display": "94", "missing_lines": 5, "excluded_lines": 0, "percent_statements_covered": 96.09375, "percent_statements_covered_display": "96", "num_branches": 30, "num_partial_branches": 5, "covered_branches": 25, "missing_branches": 5, "percent_branches_covered": 83.33333333333333, "percent_branches_covered_display": "83"}, "missing_lines": [51, 253, 261, 276, 361], "excluded_lines": [], "start_line": 31, "executed_branches": [[50, 54], [69, 70], [69, 74], [75, 76], [75, 79], [81, 82], [81, 88], [83, 84], [83, 87], [165, 166], [165, 178], [198, 199], [198, 219], [241, 242], [241, 245], [245, 246], [245, 247], [247, 248], [247, 252], [252, 256], [260, 265], [275, 277], [355, 356], [355, 359], [360, 365]], "missing_branches": [[50, 51], [252, 253], [260, 261], [275, 276], [360, 361]]}, "": {"executed_lines": [1, 3, 5, 6, 7, 8, 9, 10, 11, 12, 13, 14, 15, 20, 21, 22, 23, 28, 31, 32, 48, 233, 336, 369, 370], "summary": {"covered_lines": 25, "num_statements": 25, "percent_covered": 100.0, "percent_covered_display": "100", "missing_lines": 0, "excluded_lines": 0, "percent_statements_covered": 100.0, "percent_statements_covered_display": "100", "num_branches": 0, "num_partial_branches": 0, "covered_branches": 0, "missing_branches": 0, "percent_branches_covered": 100.0, "percent_branches_covered_display": "100"}, "missing_lines": [], "excluded_lines": [], "start_line": 1, "executed_branches": [], "missing_branches": []}}}, "src\\ebook_pipeline\\writing\\validators.py": {"executed_lines": [1, 3, 5, 6, 13, 14, 17, 18, 21, 22, 23, 24, 25, 26, 27, 28, 31, 34, 35, 36, 37, 38, 39, 46, 47, 48, 49, 56, 57, 71, 74, 75, 76, 84, 85, 86, 94, 95, 96, 101, 102, 103, 104, 111, 112, 121, 122, 123, 128, 129, 137, 138, 139, 140, 149, 150, 151, 152, 153, 160, 165, 172, 173, 174, 175, 176, 177, 186, 187, 188, 195], "summary": {"covered_lines": 71, "num_statements": 71, "percent_covered": 99.1304347826087, "percent_covered_display": "99", "missing_lines": 0, "excluded_lines": 0, "percent_statements_covered": 100.0, "percent_statements_covered_display": "100", "num_branches": 44, "num_partial_branches": 1, "covered_branches": 43, "missing_branches": 1, "percent_branches_covered": 97.72727272727273, "percent_branches_covered_display": "98"}, "missing_lines": [], "excluded_lines": [], "executed_branches": [[24, 25], [24, 28], [26, 24], [26, 27], [48, 49], [48, 56], [56, 57], [56, 71], [74, 75], [74, 84], [75, 74], [75, 76], [84, 85], [84, 94], [85, 86], [94, 95], [94, 121], [101, 102], [101, 111], [103, 104], [103, 121], [111, 112], [111, 121], [122, 123], [122, 137], [128, 129], [128, 137], [138, 139], [138, 149], [139, 138], [139, 140], [151, 152], [151, 172], [152, 153], [152, 160], [160, 151], [160, 165], [173, 174], [173, 186], [174, 175], [174, 186], [176, 174], [176, 177]], "missing_branches": [[85, 84]], "functions": {"_normalized_newlines": {"executed_lines": [18], "summary": {"covered_lines": 1, "num_statements": 1, "percent_covered": 100.0, "percent_covered_display": "100", "missing_lines": 0, "excluded_lines": 0, "percent_statements_covered": 100.0, "percent_statements_covered_display": "100", "num_branches": 0, "num_partial_branches": 0, "covered_branches": 0, "missing_branches": 0, "percent_branches_covered": 100.0, "percent_branches_covered_display": "100"}, "missing_lines": [], "excluded_lines": [], "start_line": 17, "executed_branches": [], "missing_branches": []}, "_paragraph_openings": {"executed_lines": [22, 23, 24, 25, 26, 27, 28], "summary": {"covered_lines": 7, "num_statements": 7, "percent_covered": 100.0, "percent_covered_display": "100", "missing_lines": 0, "excluded_lines": 0, "percent_statements_covered": 100.0, "percent_statements_covered_display": "100", "num_branches": 4, "num_partial_branches": 0, "covered_branches": 4, "missing_branches": 0, "percent_branches_covered": 100.0, "percent_branches_covered_display": "100"}, "missing_lines": [], "excluded_lines": [], "start_line": 21, "executed_branches": [[24, 25], [24, 28], [26, 24], [26, 27]], "missing_branches": []}, "validate_submission": {"executed_lines": [34, 35, 36, 37, 38, 39, 46, 47, 48, 49, 56, 57, 71, 74, 75, 76, 84, 85, 86, 94, 95, 96, 101, 102, 103, 104, 111, 112, 121, 122, 123, 128, 129, 137, 138, 139, 140, 149, 150, 151, 152, 153, 160, 165, 172, 173, 174, 175, 176, 177, 186, 187, 188, 195], "summary": {"covered_lines": 54, "num_statements": 54, "percent_covered": 98.93617021276596, "percent_covered_display": "99", "missing_lines": 0, "excluded_lines": 0, "percent_statements_covered": 100.0, "percent_statements_covered_display": "100", "num_branches": 40, "num_partial_branches": 1, "covered_branches": 39, "missing_branches": 1, "percent_branches_covered": 97.5, "percent_branches_covered_display": "98"}, "missing_lines": [], "excluded_lines": [], "start_line": 31, "executed_branches": [[48, 49], [48, 56], [56, 57], [56, 71], [74, 75], [74, 84], [75, 74], [75, 76], [84, 85], [84, 94], [85, 86], [94, 95], [94, 121], [101, 102], [101, 111], [103, 104], [103, 121], [111, 112], [111, 121], [122, 123], [122, 137], [128, 129], [128, 137], [138, 139], [138, 149], [139, 138], [139, 140], [151, 152], [151, 172], [152, 153], [152, 160], [160, 151], [160, 165], [173, 174], [173, 186], [174, 175], [174, 186], [176, 174], [176, 177]], "missing_branches": [[85, 84]]}, "": {"executed_lines": [1, 3, 5, 6, 13, 14, 17, 21, 31], "summary": {"covered_lines": 9, "num_statements": 9, "percent_covered": 100.0, "percent_covered_display": "100", "missing_lines": 0, "excluded_lines": 0, "percent_statements_covered": 100.0, "percent_statements_covered_display": "100", "num_branches": 0, "num_partial_branches": 0, "covered_branches": 0, "missing_branches": 0, "percent_branches_covered": 100.0, "percent_branches_covered_display": "100"}, "missing_lines": [], "excluded_lines": [], "start_line": 1, "executed_branches": [], "missing_branches": []}}, "classes": {"": {"executed_lines": [1, 3, 5, 6, 13, 14, 17, 18, 21, 22, 23, 24, 25, 26, 27, 28, 31, 34, 35, 36, 37, 38, 39, 46, 47, 48, 49, 56, 57, 71, 74, 75, 76, 84, 85, 86, 94, 95, 96, 101, 102, 103, 104, 111, 112, 121, 122, 123, 128, 129, 137, 138, 139, 140, 149, 150, 151, 152, 153, 160, 165, 172, 173, 174, 175, 176, 177, 186, 187, 188, 195], "summary": {"covered_lines": 71, "num_statements": 71, "percent_covered": 99.1304347826087, "percent_covered_display": "99", "missing_lines": 0, "excluded_lines": 0, "percent_statements_covered": 100.0, "percent_statements_covered_display": "100", "num_branches": 44, "num_partial_branches": 1, "covered_branches": 43, "missing_branches": 1, "percent_branches_covered": 97.72727272727273, "percent_branches_covered_display": "98"}, "missing_lines": [], "excluded_lines": [], "start_line": 1, "executed_branches": [[24, 25], [24, 28], [26, 24], [26, 27], [48, 49], [48, 56], [56, 57], [56, 71], [74, 75], [74, 84], [75, 74], [75, 76], [84, 85], [84, 94], [85, 86], [94, 95], [94, 121], [101, 102], [101, 111], [103, 104], [103, 121], [111, 112], [111, 121], [122, 123], [122, 137], [128, 129], [128, 137], [138, 139], [138, 149], [139, 138], [139, 140], [151, 152], [151, 172], [152, 153], [152, 160], [160, 151], [160, 165], [173, 174], [173, 186], [174, 175], [174, 186], [176, 174], [176, 177]], "missing_branches": [[85, 84]]}}}}, "totals": {"covered_lines": 3775, "num_statements": 3933, "percent_covered": 94.4900105152471, "percent_covered_display": "94", "missing_lines": 158, "excluded_lines": 0, "percent_statements_covered": 95.98271039918637, "percent_statements_covered_display": "96", "num_branches": 822, "num_partial_branches": 90, "covered_branches": 718, "missing_branches": 104, "percent_branches_covered": 87.34793187347933, "percent_branches_covered_display": "87"}}